bed file found
confirm the bed file is ok
continue?(y/n)
batch file found
confirm the batch file is ok
continue?(y/n)
bed file cem152.GRCh38.bed found, would u like to delete it? (y/n)
/cem152//ukb23374_c10_b5111_v1.subset.vcf.gz found, then skipped
/cem152//ukb23374_c10_b5112_v1.subset.vcf.gz found, then skipped
/cem152//ukb23374_c10_b5113_v1.subset.vcf.gz found, then skipped
/cem152//ukb23374_c10_b5114_v1.subset.vcf.gz found, then skipped
/cem152//ukb23374_c10_b5115_v1.subset.vcf.gz found, then skipped
/cem152//ukb23374_c10_b5116_v1.subset.vcf.gz found, then skipped
/cem152//ukb23374_c10_b5117_v1.subset.vcf.gz found, then skipped
/cem152//ukb23374_c10_b5118_v1.subset.vcf.gz found, then skipped
/cem152//ukb23374_c10_b5119_v1.subset.vcf.gz found, then skipped
/cem152//ukb23374_c10_b5120_v1.subset.vcf.gz found, then skipped
/cem152//ukb23374_c10_b5121_v1.subset.vcf.gz found, then skipped
/cem152//ukb23374_c10_b5978_v1.subset.vcf.gz found, then skipped
/cem152//ukb23374_c10_b5979_v1.subset.vcf.gz found, then skipped
/cem152//ukb23374_c10_b5982_v1.subset.vcf.gz found, then skipped
/cem152//ukb23374_c10_b5983_v1.subset.vcf.gz found, then skipped
/cem152//ukb23374_c10_b5986_v1.subset.vcf.gz found, then skipped
/cem152//ukb23374_c10_b5987_v1.subset.vcf.gz found, then skipped
/cem152//ukb23374_c10_b5988_v1.subset.vcf.gz found, then skipped
/cem152//ukb23374_c10_b5989_v1.subset.vcf.gz found, then skipped
/cem152//ukb23374_c10_b5990_v1.subset.vcf.gz found, then skipped
/cem152//ukb23374_c10_b5991_v1.subset.vcf.gz found, then skipped
/cem152//ukb23374_c10_b760_v1.subset.vcf.gz found, then skipped
/cem152//ukb23374_c10_b761_v1.subset.vcf.gz found, then skipped
/cem152//ukb23374_c10_b762_v1.subset.vcf.gz found, then skipped
/cem152//ukb23374_c10_b763_v1.subset.vcf.gz found, then skipped
/cem152//ukb23374_c10_b764_v1.subset.vcf.gz found, then skipped
/cem152//ukb23374_c10_b765_v1.subset.vcf.gz found, then skipped
/cem152//ukb23374_c10_b766_v1.subset.vcf.gz found, then skipped
/cem152//ukb23374_c10_b767_v1.subset.vcf.gz found, then skipped
/cem152//ukb23374_c10_b768_v1.subset.vcf.gz found, then skipped
/cem152//ukb23374_c10_b775_v1.subset.vcf.gz found, then skipped
/cem152//ukb23374_c10_b776_v1.subset.vcf.gz found, then skipped
/cem152//ukb23374_c10_b777_v1.subset.vcf.gz found, then skipped
/cem152//ukb23374_c10_b778_v1.subset.vcf.gz found, then skipped
/cem152//ukb23374_c10_b779_v1.subset.vcf.gz found, then skipped
/cem152//ukb23374_c10_b780_v1.subset.vcf.gz found, then skipped
/cem152//ukb23374_c10_b781_v1.subset.vcf.gz found, then skipped
/cem152//ukb23374_c10_b782_v1.subset.vcf.gz found, then skipped
/cem152//ukb23374_c10_b783_v1.subset.vcf.gz found, then skipped
/cem152//ukb23374_c10_b784_v1.subset.vcf.gz found, then skipped
/cem152//ukb23374_c10_b785_v1.subset.vcf.gz found, then skipped
/cem152//ukb23374_c11_b4141_v1.subset.vcf.gz found, then skipped
/cem152//ukb23374_c11_b4142_v1.subset.vcf.gz found, then skipped
/cem152//ukb23374_c11_b4143_v1.subset.vcf.gz found, then skipped
/cem152//ukb23374_c11_b4144_v1.subset.vcf.gz found, then skipped
/cem152//ukb23374_c11_b4145_v1.subset.vcf.gz found, then skipped
/cem152//ukb23374_c11_b4146_v1.subset.vcf.gz found, then skipped
/cem152//ukb23374_c11_b4147_v1.subset.vcf.gz found, then skipped
/cem152//ukb23374_c11_b4148_v1.subset.vcf.gz found, then skipped
/cem152//ukb23374_c11_b4172_v1.subset.vcf.gz found, then skipped
/cem152//ukb23374_c11_b4173_v1.subset.vcf.gz found, then skipped
/cem152//ukb23374_c11_b4174_v1.subset.vcf.gz found, then skipped
/cem152//ukb23374_c11_b4175_v1.subset.vcf.gz found, then skipped
/cem152//ukb23374_c11_b4176_v1.subset.vcf.gz found, then skipped
/cem152//ukb23374_c11_b4177_v1.subset.vcf.gz found, then skipped
/cem152//ukb23374_c11_b4178_v1.subset.vcf.gz found, then skipped
/cem152//ukb23374_c11_b4179_v1.subset.vcf.gz found, then skipped
/cem152//ukb23374_c11_b4180_v1.subset.vcf.gz found, then skipped
/cem152//ukb23374_c11_b4181_v1.subset.vcf.gz found, then skipped
/cem152//ukb23374_c11_b4182_v1.subset.vcf.gz found, then skipped
/cem152//ukb23374_c11_b4183_v1.subset.vcf.gz found, then skipped
/cem152//ukb23374_c11_b4184_v1.subset.vcf.gz found, then skipped
/cem152//ukb23374_c11_b4185_v1.subset.vcf.gz found, then skipped
/cem152//ukb23374_c11_b4186_v1.subset.vcf.gz found, then skipped
/cem152//ukb23374_c11_b4187_v1.subset.vcf.gz found, then skipped
/cem152//ukb23374_c11_b4188_v1.subset.vcf.gz found, then skipped
/cem152//ukb23374_c11_b4189_v1.subset.vcf.gz found, then skipped
/cem152//ukb23374_c11_b4190_v1.subset.vcf.gz found, then skipped
/cem152//ukb23374_c11_b4191_v1.subset.vcf.gz found, then skipped
/cem152//ukb23374_c11_b4192_v1.subset.vcf.gz found, then skipped
/cem152//ukb23374_c11_b4193_v1.subset.vcf.gz found, then skipped
/cem152//ukb23374_c11_b4194_v1.subset.vcf.gz found, then skipped
/cem152//ukb23374_c11_b4195_v1.subset.vcf.gz found, then skipped
/cem152//ukb23374_c11_b4196_v1.subset.vcf.gz found, then skipped
/cem152//ukb23374_c11_b4197_v1.subset.vcf.gz found, then skipped
/cem152//ukb23374_c11_b4198_v1.subset.vcf.gz found, then skipped
/cem152//ukb23374_c11_b4199_v1.subset.vcf.gz found, then skipped
/cem152//ukb23374_c11_b4200_v1.subset.vcf.gz found, then skipped
/cem152//ukb23374_c11_b4201_v1.subset.vcf.gz found, then skipped
/cem152//ukb23374_c11_b4202_v1.subset.vcf.gz found, then skipped
/cem152//ukb23374_c11_b4203_v1.subset.vcf.gz found, then skipped
/cem152//ukb23374_c11_b4204_v1.subset.vcf.gz found, then skipped
/cem152//ukb23374_c11_b4205_v1.subset.vcf.gz found, then skipped
/cem152//ukb23374_c11_b4206_v1.subset.vcf.gz found, then skipped
/cem152//ukb23374_c11_b4207_v1.subset.vcf.gz found, then skipped
/cem152//ukb23374_c11_b4208_v1.subset.vcf.gz found, then skipped
/cem152//ukb23374_c11_b4209_v1.subset.vcf.gz found, then skipped
/cem152//ukb23374_c11_b4210_v1.subset.vcf.gz found, then skipped
/cem152//ukb23374_c11_b4211_v1.subset.vcf.gz found, then skipped
/cem152//ukb23374_c11_b4212_v1.subset.vcf.gz found, then skipped
/cem152//ukb23374_c11_b4213_v1.subset.vcf.gz found, then skipped
/cem152//ukb23374_c11_b4214_v1.subset.vcf.gz found, then skipped
/cem152//ukb23374_c11_b4215_v1.subset.vcf.gz found, then skipped
/cem152//ukb23374_c11_b4216_v1.subset.vcf.gz found, then skipped
/cem152//ukb23374_c11_b4217_v1.subset.vcf.gz found, then skipped
/cem152//ukb23374_c11_b4218_v1.subset.vcf.gz found, then skipped
/cem152//ukb23374_c11_b4219_v1.subset.vcf.gz found, then skipped
/cem152//ukb23374_c11_b4220_v1.subset.vcf.gz found, then skipped
/cem152//ukb23374_c11_b4221_v1.subset.vcf.gz found, then skipped
/cem152//ukb23374_c11_b4222_v1.subset.vcf.gz found, then skipped
/cem152//ukb23374_c11_b4223_v1.subset.vcf.gz found, then skipped
/cem152//ukb23374_c11_b4224_v1.subset.vcf.gz found, then skipped
/cem152//ukb23374_c11_b4225_v1.subset.vcf.gz found, then skipped
/cem152//ukb23374_c11_b4226_v1.subset.vcf.gz found, then skipped
/cem152//ukb23374_c11_b4227_v1.subset.vcf.gz found, then skipped
/cem152//ukb23374_c11_b4228_v1.subset.vcf.gz found, then skipped
/cem152//ukb23374_c11_b4229_v1.subset.vcf.gz found, then skipped
/cem152//ukb23374_c11_b4230_v1.subset.vcf.gz found, then skipped
/cem152//ukb23374_c11_b4231_v1.subset.vcf.gz found, then skipped
/cem152//ukb23374_c11_b4232_v1.subset.vcf.gz found, then skipped
/cem152//ukb23374_c11_b4233_v1.subset.vcf.gz found, then skipped
/cem152//ukb23374_c11_b4234_v1.subset.vcf.gz found, then skipped
/cem152//ukb23374_c11_b4235_v1.subset.vcf.gz found, then skipped
/cem152//ukb23374_c11_b4236_v1.subset.vcf.gz found, then skipped
/cem152//ukb23374_c11_b4237_v1.subset.vcf.gz found, then skipped
/cem152//ukb23374_c11_b4238_v1.subset.vcf.gz found, then skipped
/cem152//ukb23374_c11_b4239_v1.subset.vcf.gz found, then skipped
/cem152//ukb23374_c11_b4240_v1.subset.vcf.gz found, then skipped
/cem152//ukb23374_c11_b4241_v1.subset.vcf.gz found, then skipped
/cem152//ukb23374_c11_b4242_v1.subset.vcf.gz found, then skipped
/cem152//ukb23374_c11_b4243_v1.subset.vcf.gz found, then skipped
/cem152//ukb23374_c11_b4244_v1.subset.vcf.gz found, then skipped
/cem152//ukb23374_c11_b4245_v1.subset.vcf.gz found, then skipped
/cem152//ukb23374_c11_b4246_v1.subset.vcf.gz found, then skipped
/cem152//ukb23374_c11_b4247_v1.subset.vcf.gz found, then skipped
/cem152//ukb23374_c11_b4248_v1.subset.vcf.gz found, then skipped
/cem152//ukb23374_c11_b4249_v1.subset.vcf.gz found, then skipped
/cem152//ukb23374_c11_b4250_v1.subset.vcf.gz found, then skipped
/cem152//ukb23374_c11_b4251_v1.subset.vcf.gz found, then skipped
/cem152//ukb23374_c11_b4252_v1.subset.vcf.gz found, then skipped
/cem152//ukb23374_c11_b4253_v1.subset.vcf.gz found, then skipped
/cem152//ukb23374_c11_b4254_v1.subset.vcf.gz found, then skipped
/cem152//ukb23374_c11_b4255_v1.subset.vcf.gz found, then skipped
/cem152//ukb23374_c11_b4256_v1.subset.vcf.gz found, then skipped
/cem152//ukb23374_c11_b4257_v1.subset.vcf.gz found, then skipped
/cem152//ukb23374_c11_b4258_v1.subset.vcf.gz found, then skipped
/cem152//ukb23374_c11_b4259_v1.subset.vcf.gz found, then skipped
/cem152//ukb23374_c11_b4260_v1.subset.vcf.gz found, then skipped
/cem152//ukb23374_c11_b4261_v1.subset.vcf.gz found, then skipped
/cem152//ukb23374_c11_b4262_v1.subset.vcf.gz found, then skipped
/cem152//ukb23374_c11_b4263_v1.subset.vcf.gz found, then skipped
/cem152//ukb23374_c11_b4264_v1.subset.vcf.gz found, then skipped
/cem152//ukb23374_c11_b4265_v1.subset.vcf.gz found, then skipped
/cem152//ukb23374_c11_b4266_v1.subset.vcf.gz found, then skipped
/cem152//ukb23374_c11_b4267_v1.subset.vcf.gz found, then skipped
/cem152//ukb23374_c11_b4268_v1.subset.vcf.gz found, then skipped
/cem152//ukb23374_c11_b4269_v1.subset.vcf.gz found, then skipped
/cem152//ukb23374_c11_b4270_v1.subset.vcf.gz found, then skipped
/cem152//ukb23374_c11_b4271_v1.subset.vcf.gz found, then skipped
/cem152//ukb23374_c11_b4272_v1.subset.vcf.gz found, then skipped
/cem152//ukb23374_c11_b4273_v1.subset.vcf.gz found, then skipped
/cem152//ukb23374_c11_b4274_v1.subset.vcf.gz found, then skipped
/cem152//ukb23374_c11_b4275_v1.subset.vcf.gz found, then skipped
/cem152//ukb23374_c11_b4276_v1.subset.vcf.gz found, then skipped
/cem152//ukb23374_c11_b4277_v1.subset.vcf.gz found, then skipped
/cem152//ukb23374_c11_b4278_v1.subset.vcf.gz found, then skipped
/cem152//ukb23374_c11_b4279_v1.subset.vcf.gz found, then skipped
/cem152//ukb23374_c11_b4280_v1.subset.vcf.gz found, then skipped
/cem152//ukb23374_c11_b4281_v1.subset.vcf.gz found, then skipped
/cem152//ukb23374_c11_b525_v1.subset.vcf.gz found, then skipped
/cem152//ukb23374_c11_b526_v1.subset.vcf.gz found, then skipped
/cem152//ukb23374_c11_b527_v1.subset.vcf.gz found, then skipped
/cem152//ukb23374_c11_b6694_v1.subset.vcf.gz found, then skipped
/cem152//ukb23374_c11_b6695_v1.subset.vcf.gz found, then skipped
/cem152//ukb23374_c11_b6696_v1.subset.vcf.gz found, then skipped
/cem152//ukb23374_c11_b6697_v1.subset.vcf.gz found, then skipped
/cem152//ukb23374_c11_b6703_v1.subset.vcf.gz found, then skipped
/cem152//ukb23374_c11_b6704_v1.subset.vcf.gz found, then skipped
/cem152//ukb23374_c11_b6705_v1.subset.vcf.gz found, then skipped
/cem152//ukb23374_c11_b6706_v1.subset.vcf.gz found, then skipped
/cem152//ukb23374_c11_b6707_v1.subset.vcf.gz found, then skipped
/cem152//ukb23374_c12_b1987_v1.subset.vcf.gz found, then skipped
/cem152//ukb23374_c12_b1988_v1.subset.vcf.gz found, then skipped
/cem152//ukb23374_c12_b1989_v1.subset.vcf.gz found, then skipped
/cem152//ukb23374_c12_b1990_v1.subset.vcf.gz found, then skipped
/cem152//ukb23374_c12_b1991_v1.subset.vcf.gz found, then skipped
/cem152//ukb23374_c12_b1992_v1.subset.vcf.gz found, then skipped
/cem152//ukb23374_c12_b1993_v1.subset.vcf.gz found, then skipped
/cem152//ukb23374_c12_b1994_v1.subset.vcf.gz found, then skipped
/cem152//ukb23374_c12_b1995_v1.subset.vcf.gz found, then skipped
/cem152//ukb23374_c12_b1996_v1.subset.vcf.gz found, then skipped
/cem152//ukb23374_c12_b1997_v1.subset.vcf.gz found, then skipped
/cem152//ukb23374_c12_b1998_v1.subset.vcf.gz found, then skipped
/cem152//ukb23374_c12_b1999_v1.subset.vcf.gz found, then skipped
/cem152//ukb23374_c12_b2000_v1.subset.vcf.gz found, then skipped
/cem152//ukb23374_c12_b2001_v1.subset.vcf.gz found, then skipped
/cem152//ukb23374_c12_b2002_v1.subset.vcf.gz found, then skipped
/cem152//ukb23374_c12_b2003_v1.subset.vcf.gz found, then skipped
/cem152//ukb23374_c12_b2004_v1.subset.vcf.gz found, then skipped
/cem152//ukb23374_c12_b2005_v1.subset.vcf.gz found, then skipped
/cem152//ukb23374_c12_b2009_v1.subset.vcf.gz found, then skipped
/cem152//ukb23374_c12_b2010_v1.subset.vcf.gz found, then skipped
/cem152//ukb23374_c12_b2011_v1.subset.vcf.gz found, then skipped
/cem152//ukb23374_c12_b2012_v1.subset.vcf.gz found, then skipped
/cem152//ukb23374_c12_b2013_v1.subset.vcf.gz found, then skipped
/cem152//ukb23374_c12_b2014_v1.subset.vcf.gz found, then skipped
/cem152//ukb23374_c12_b2015_v1.subset.vcf.gz found, then skipped
/cem152//ukb23374_c12_b2016_v1.subset.vcf.gz found, then skipped
/cem152//ukb23374_c12_b2017_v1.subset.vcf.gz found, then skipped
/cem152//ukb23374_c12_b2018_v1.subset.vcf.gz found, then skipped
/cem152//ukb23374_c12_b2295_v1.subset.vcf.gz found, then skipped
/cem152//ukb23374_c12_b2296_v1.subset.vcf.gz found, then skipped
/cem152//ukb23374_c12_b2297_v1.subset.vcf.gz found, then skipped
/cem152//ukb23374_c12_b2298_v1.subset.vcf.gz found, then skipped
/cem152//ukb23374_c12_b2299_v1.subset.vcf.gz found, then skipped
/cem152//ukb23374_c12_b6138_v1.subset.vcf.gz found, then skipped
/cem152//ukb23374_c12_b6139_v1.subset.vcf.gz found, then skipped
/cem152//ukb23374_c12_b6140_v1.subset.vcf.gz found, then skipped
/cem152//ukb23374_c12_b6141_v1.subset.vcf.gz found, then skipped
/cem152//ukb23374_c12_b6142_v1.subset.vcf.gz found, then skipped
/cem152//ukb23374_c12_b6143_v1.subset.vcf.gz found, then skipped
/cem152//ukb23374_c12_b6144_v1.subset.vcf.gz found, then skipped
/cem152//ukb23374_c12_b6624_v1.subset.vcf.gz found, then skipped
/cem152//ukb23374_c12_b6625_v1.subset.vcf.gz found, then skipped
/cem152//ukb23374_c12_b6626_v1.subset.vcf.gz found, then skipped
/cem152//ukb23374_c12_b6627_v1.subset.vcf.gz found, then skipped
/cem152//ukb23374_c12_b6628_v1.subset.vcf.gz found, then skipped
/cem152//ukb23374_c12_b6629_v1.subset.vcf.gz found, then skipped
/cem152//ukb23374_c13_b2448_v1.subset.vcf.gz found, then skipped
/cem152//ukb23374_c13_b2449_v1.subset.vcf.gz found, then skipped
/cem152//ukb23374_c13_b2450_v1.subset.vcf.gz found, then skipped
/cem152//ukb23374_c13_b2451_v1.subset.vcf.gz found, then skipped
/cem152//ukb23374_c13_b2452_v1.subset.vcf.gz found, then skipped
/cem152//ukb23374_c13_b2453_v1.subset.vcf.gz found, then skipped
/cem152//ukb23374_c13_b2454_v1.subset.vcf.gz found, then skipped
/cem152//ukb23374_c13_b2455_v1.subset.vcf.gz found, then skipped
/cem152//ukb23374_c13_b2456_v1.subset.vcf.gz found, then skipped
/cem152//ukb23374_c13_b2457_v1.subset.vcf.gz found, then skipped
/cem152//ukb23374_c13_b2458_v1.subset.vcf.gz found, then skipped
/cem152//ukb23374_c13_b2459_v1.subset.vcf.gz found, then skipped
/cem152//ukb23374_c13_b2460_v1.subset.vcf.gz found, then skipped
/cem152//ukb23374_c13_b2465_v1.subset.vcf.gz found, then skipped
/cem152//ukb23374_c13_b2466_v1.subset.vcf.gz found, then skipped
/cem152//ukb23374_c13_b2467_v1.subset.vcf.gz found, then skipped
/cem152//ukb23374_c13_b2468_v1.subset.vcf.gz found, then skipped
/cem152//ukb23374_c13_b2469_v1.subset.vcf.gz found, then skipped
/cem152//ukb23374_c13_b2470_v1.subset.vcf.gz found, then skipped
/cem152//ukb23374_c13_b2471_v1.subset.vcf.gz found, then skipped
/cem152//ukb23374_c13_b2472_v1.subset.vcf.gz found, then skipped
/cem152//ukb23374_c13_b4861_v1.subset.vcf.gz found, then skipped
/cem152//ukb23374_c13_b4862_v1.subset.vcf.gz found, then skipped
/cem152//ukb23374_c13_b4863_v1.subset.vcf.gz found, then skipped
/cem152//ukb23374_c13_b4864_v1.subset.vcf.gz found, then skipped
/cem152//ukb23374_c13_b4865_v1.subset.vcf.gz found, then skipped
/cem152//ukb23374_c13_b4866_v1.subset.vcf.gz found, then skipped
/cem152//ukb23374_c13_b4867_v1.subset.vcf.gz found, then skipped
/cem152//ukb23374_c13_b4868_v1.subset.vcf.gz found, then skipped
/cem152//ukb23374_c13_b4869_v1.subset.vcf.gz found, then skipped
/cem152//ukb23374_c14_b1859_v1.subset.vcf.gz found, then skipped
/cem152//ukb23374_c14_b1860_v1.subset.vcf.gz found, then skipped
/cem152//ukb23374_c14_b1861_v1.subset.vcf.gz found, then skipped
/cem152//ukb23374_c14_b1862_v1.subset.vcf.gz found, then skipped
/cem152//ukb23374_c14_b1863_v1.subset.vcf.gz found, then skipped
/cem152//ukb23374_c14_b1864_v1.subset.vcf.gz found, then skipped
/cem152//ukb23374_c14_b1865_v1.subset.vcf.gz found, then skipped
/cem152//ukb23374_c14_b1866_v1.subset.vcf.gz found, then skipped
/cem152//ukb23374_c14_b1867_v1.subset.vcf.gz found, then skipped
/cem152//ukb23374_c14_b1868_v1.subset.vcf.gz found, then skipped
/cem152//ukb23374_c14_b1869_v1.subset.vcf.gz found, then skipped
/cem152//ukb23374_c14_b1870_v1.subset.vcf.gz found, then skipped
/cem152//ukb23374_c14_b1871_v1.subset.vcf.gz found, then skipped
/cem152//ukb23374_c14_b1872_v1.subset.vcf.gz found, then skipped
/cem152//ukb23374_c14_b1873_v1.subset.vcf.gz found, then skipped
/cem152//ukb23374_c14_b1874_v1.subset.vcf.gz found, then skipped
/cem152//ukb23374_c14_b1875_v1.subset.vcf.gz found, then skipped
/cem152//ukb23374_c14_b1876_v1.subset.vcf.gz found, then skipped
/cem152//ukb23374_c14_b1877_v1.subset.vcf.gz found, then skipped
/cem152//ukb23374_c14_b1878_v1.subset.vcf.gz found, then skipped
/cem152//ukb23374_c14_b1879_v1.subset.vcf.gz found, then skipped
/cem152//ukb23374_c14_b1880_v1.subset.vcf.gz found, then skipped
/cem152//ukb23374_c14_b1881_v1.subset.vcf.gz found, then skipped
/cem152//ukb23374_c14_b1882_v1.subset.vcf.gz found, then skipped
/cem152//ukb23374_c14_b1883_v1.subset.vcf.gz found, then skipped
/cem152//ukb23374_c14_b1884_v1.subset.vcf.gz found, then skipped
/cem152//ukb23374_c14_b1885_v1.subset.vcf.gz found, then skipped
/cem152//ukb23374_c14_b1886_v1.subset.vcf.gz found, then skipped
/cem152//ukb23374_c14_b1887_v1.subset.vcf.gz found, then skipped
/cem152//ukb23374_c14_b1888_v1.subset.vcf.gz found, then skipped
/cem152//ukb23374_c14_b1889_v1.subset.vcf.gz found, then skipped
/cem152//ukb23374_c14_b1890_v1.subset.vcf.gz found, then skipped
/cem152//ukb23374_c14_b1891_v1.subset.vcf.gz found, then skipped
/cem152//ukb23374_c14_b1892_v1.subset.vcf.gz found, then skipped
/cem152//ukb23374_c14_b1893_v1.subset.vcf.gz found, then skipped
/cem152//ukb23374_c14_b1894_v1.subset.vcf.gz found, then skipped
/cem152//ukb23374_c14_b1895_v1.subset.vcf.gz found, then skipped
/cem152//ukb23374_c14_b1896_v1.subset.vcf.gz found, then skipped
/cem152//ukb23374_c14_b1897_v1.subset.vcf.gz found, then skipped
/cem152//ukb23374_c14_b1898_v1.subset.vcf.gz found, then skipped
/cem152//ukb23374_c14_b1899_v1.subset.vcf.gz found, then skipped
/cem152//ukb23374_c14_b1900_v1.subset.vcf.gz found, then skipped
/cem152//ukb23374_c14_b1901_v1.subset.vcf.gz found, then skipped
/cem152//ukb23374_c14_b1902_v1.subset.vcf.gz found, then skipped
/cem152//ukb23374_c14_b2742_v1.subset.vcf.gz found, then skipped
/cem152//ukb23374_c14_b2743_v1.subset.vcf.gz found, then skipped
/cem152//ukb23374_c14_b2744_v1.subset.vcf.gz found, then skipped
/cem152//ukb23374_c14_b2745_v1.subset.vcf.gz found, then skipped
/cem152//ukb23374_c14_b2746_v1.subset.vcf.gz found, then skipped
/cem152//ukb23374_c14_b2747_v1.subset.vcf.gz found, then skipped
/cem152//ukb23374_c14_b2748_v1.subset.vcf.gz found, then skipped
/cem152//ukb23374_c14_b2749_v1.subset.vcf.gz found, then skipped
/cem152//ukb23374_c14_b2750_v1.subset.vcf.gz found, then skipped
/cem152//ukb23374_c14_b2751_v1.subset.vcf.gz found, then skipped
/cem152//ukb23374_c14_b2752_v1.subset.vcf.gz found, then skipped
/cem152//ukb23374_c14_b3744_v1.subset.vcf.gz found, then skipped
/cem152//ukb23374_c14_b3745_v1.subset.vcf.gz found, then skipped
/cem152//ukb23374_c14_b3746_v1.subset.vcf.gz found, then skipped
/cem152//ukb23374_c14_b3747_v1.subset.vcf.gz found, then skipped
/cem152//ukb23374_c14_b4391_v1.subset.vcf.gz found, then skipped
/cem152//ukb23374_c14_b4392_v1.subset.vcf.gz found, then skipped
/cem152//ukb23374_c14_b4393_v1.subset.vcf.gz found, then skipped
/cem152//ukb23374_c14_b4394_v1.subset.vcf.gz found, then skipped
/cem152//ukb23374_c14_b4395_v1.subset.vcf.gz found, then skipped
/cem152//ukb23374_c14_b4396_v1.subset.vcf.gz found, then skipped
/cem152//ukb23374_c14_b4397_v1.subset.vcf.gz found, then skipped
/cem152//ukb23374_c14_b4398_v1.subset.vcf.gz found, then skipped
/cem152//ukb23374_c14_b4399_v1.subset.vcf.gz found, then skipped
/cem152//ukb23374_c14_b4400_v1.subset.vcf.gz found, then skipped
/cem152//ukb23374_c15_b3024_v1.subset.vcf.gz found, then skipped
/cem152//ukb23374_c15_b3025_v1.subset.vcf.gz found, then skipped
/cem152//ukb23374_c15_b3026_v1.subset.vcf.gz found, then skipped
/cem152//ukb23374_c15_b3027_v1.subset.vcf.gz found, then skipped
/cem152//ukb23374_c15_b3028_v1.subset.vcf.gz found, then skipped
/cem152//ukb23374_c15_b3029_v1.subset.vcf.gz found, then skipped
/cem152//ukb23374_c15_b3030_v1.subset.vcf.gz found, then skipped
/cem152//ukb23374_c15_b3031_v1.subset.vcf.gz found, then skipped
/cem152//ukb23374_c15_b3032_v1.subset.vcf.gz found, then skipped
/cem152//ukb23374_c15_b3033_v1.subset.vcf.gz found, then skipped
/cem152//ukb23374_c15_b3034_v1.subset.vcf.gz found, then skipped
/cem152//ukb23374_c15_b3035_v1.subset.vcf.gz found, then skipped
/cem152//ukb23374_c15_b3036_v1.subset.vcf.gz found, then skipped
/cem152//ukb23374_c15_b3037_v1.subset.vcf.gz found, then skipped
/cem152//ukb23374_c15_b3038_v1.subset.vcf.gz found, then skipped
/cem152//ukb23374_c15_b3039_v1.subset.vcf.gz found, then skipped
/cem152//ukb23374_c15_b3040_v1.subset.vcf.gz found, then skipped
/cem152//ukb23374_c15_b3041_v1.subset.vcf.gz found, then skipped
/cem152//ukb23374_c15_b3042_v1.subset.vcf.gz found, then skipped
/cem152//ukb23374_c15_b3043_v1.subset.vcf.gz found, then skipped
/cem152//ukb23374_c15_b3044_v1.subset.vcf.gz found, then skipped
/cem152//ukb23374_c15_b3045_v1.subset.vcf.gz found, then skipped
/cem152//ukb23374_c15_b3046_v1.subset.vcf.gz found, then skipped
/cem152//ukb23374_c15_b3047_v1.subset.vcf.gz found, then skipped
/cem152//ukb23374_c15_b3048_v1.subset.vcf.gz found, then skipped
/cem152//ukb23374_c15_b3049_v1.subset.vcf.gz found, then skipped
/cem152//ukb23374_c15_b3050_v1.subset.vcf.gz found, then skipped
/cem152//ukb23374_c15_b3051_v1.subset.vcf.gz found, then skipped
/cem152//ukb23374_c15_b3052_v1.subset.vcf.gz found, then skipped
/cem152//ukb23374_c15_b3053_v1.subset.vcf.gz found, then skipped
/cem152//ukb23374_c15_b3054_v1.subset.vcf.gz found, then skipped
/cem152//ukb23374_c15_b3055_v1.subset.vcf.gz found, then skipped
/cem152//ukb23374_c15_b3056_v1.subset.vcf.gz found, then skipped
/cem152//ukb23374_c15_b3057_v1.subset.vcf.gz found, then skipped
/cem152//ukb23374_c15_b3058_v1.subset.vcf.gz found, then skipped
/cem152//ukb23374_c15_b3059_v1.subset.vcf.gz found, then skipped
/cem152//ukb23374_c15_b3060_v1.subset.vcf.gz found, then skipped
/cem152//ukb23374_c15_b3061_v1.subset.vcf.gz found, then skipped
/cem152//ukb23374_c15_b3092_v1.subset.vcf.gz found, then skipped
/cem152//ukb23374_c15_b3093_v1.subset.vcf.gz found, then skipped
/cem152//ukb23374_c15_b3094_v1.subset.vcf.gz found, then skipped
/cem152//ukb23374_c15_b3095_v1.subset.vcf.gz found, then skipped
/cem152//ukb23374_c15_b3096_v1.subset.vcf.gz found, then skipped
/cem152//ukb23374_c15_b3097_v1.subset.vcf.gz found, then skipped
/cem152//ukb23374_c15_b3098_v1.subset.vcf.gz found, then skipped
/cem152//ukb23374_c15_b3099_v1.subset.vcf.gz found, then skipped
/cem152//ukb23374_c15_b3100_v1.subset.vcf.gz found, then skipped
/cem152//ukb23374_c15_b3101_v1.subset.vcf.gz found, then skipped
/cem152//ukb23374_c15_b3102_v1.subset.vcf.gz found, then skipped
/cem152//ukb23374_c15_b3103_v1.subset.vcf.gz found, then skipped
/cem152//ukb23374_c15_b3119_v1.subset.vcf.gz found, then skipped
/cem152//ukb23374_c15_b3120_v1.subset.vcf.gz found, then skipped
/cem152//ukb23374_c15_b3121_v1.subset.vcf.gz found, then skipped
/cem152//ukb23374_c15_b3122_v1.subset.vcf.gz found, then skipped
/cem152//ukb23374_c15_b3123_v1.subset.vcf.gz found, then skipped
/cem152//ukb23374_c15_b3124_v1.subset.vcf.gz found, then skipped
/cem152//ukb23374_c15_b3125_v1.subset.vcf.gz found, then skipped
/cem152//ukb23374_c15_b3126_v1.subset.vcf.gz found, then skipped
/cem152//ukb23374_c15_b3127_v1.subset.vcf.gz found, then skipped
/cem152//ukb23374_c15_b3128_v1.subset.vcf.gz found, then skipped
/cem152//ukb23374_c15_b3129_v1.subset.vcf.gz found, then skipped
/cem152//ukb23374_c15_b3130_v1.subset.vcf.gz found, then skipped
/cem152//ukb23374_c15_b3131_v1.subset.vcf.gz found, then skipped
/cem152//ukb23374_c15_b3132_v1.subset.vcf.gz found, then skipped
/cem152//ukb23374_c15_b3133_v1.subset.vcf.gz found, then skipped
/cem152//ukb23374_c15_b3134_v1.subset.vcf.gz found, then skipped
/cem152//ukb23374_c15_b3135_v1.subset.vcf.gz found, then skipped
/cem152//ukb23374_c15_b3136_v1.subset.vcf.gz found, then skipped
/cem152//ukb23374_c15_b3137_v1.subset.vcf.gz found, then skipped
/cem152//ukb23374_c15_b3138_v1.subset.vcf.gz found, then skipped
/cem152//ukb23374_c15_b3139_v1.subset.vcf.gz found, then skipped
/cem152//ukb23374_c15_b3140_v1.subset.vcf.gz found, then skipped
/cem152//ukb23374_c15_b3141_v1.subset.vcf.gz found, then skipped
/cem152//ukb23374_c15_b3142_v1.subset.vcf.gz found, then skipped
/cem152//ukb23374_c16_b1445_v1.subset.vcf.gz found, then skipped
/cem152//ukb23374_c16_b1446_v1.subset.vcf.gz found, then skipped
/cem152//ukb23374_c16_b1448_v1.subset.vcf.gz found, then skipped
/cem152//ukb23374_c16_b1449_v1.subset.vcf.gz found, then skipped
/cem152//ukb23374_c16_b1547_v1.subset.vcf.gz found, then skipped
/cem152//ukb23374_c16_b1548_v1.subset.vcf.gz found, then skipped
/cem152//ukb23374_c16_b1549_v1.subset.vcf.gz found, then skipped
/cem152//ukb23374_c16_b1550_v1.subset.vcf.gz found, then skipped
/cem152//ukb23374_c16_b2533_v1.subset.vcf.gz found, then skipped
/cem152//ukb23374_c16_b2534_v1.subset.vcf.gz found, then skipped
data will be subset by sample file cem_152_samples.txt
job-GxzPY2QJ95KY7JYKfb7kkQzj
/cem152//ukb23374_c16_b2536_v1.subset.vcf.gz found, then skipped
/cem152//ukb23374_c16_b2537_v1.subset.vcf.gz found, then skipped
/cem152//ukb23374_c16_b2538_v1.subset.vcf.gz found, then skipped
/cem152//ukb23374_c16_b2539_v1.subset.vcf.gz found, then skipped
/cem152//ukb23374_c16_b2540_v1.subset.vcf.gz found, then skipped
/cem152//ukb23374_c16_b2621_v1.subset.vcf.gz found, then skipped
/cem152//ukb23374_c16_b2622_v1.subset.vcf.gz found, then skipped
/cem152//ukb23374_c16_b2623_v1.subset.vcf.gz found, then skipped
/cem152//ukb23374_c16_b2624_v1.subset.vcf.gz found, then skipped
/cem152//ukb23374_c16_b2625_v1.subset.vcf.gz found, then skipped
/cem152//ukb23374_c16_b2626_v1.subset.vcf.gz found, then skipped
/cem152//ukb23374_c16_b2627_v1.subset.vcf.gz found, then skipped
/cem152//ukb23374_c16_b2652_v1.subset.vcf.gz found, then skipped
/cem152//ukb23374_c16_b2653_v1.subset.vcf.gz found, then skipped
/cem152//ukb23374_c16_b2654_v1.subset.vcf.gz found, then skipped
data will be subset by sample file cem_152_samples.txt
job-GxzPY60J95KpBFx17B1xxQk1
data will be subset by sample file cem_152_samples.txt
job-GxzPY6QJ95Ky9VXyPJ4V15X0
/cem152//ukb23374_c16_b2657_v1.subset.vcf.gz found, then skipped
/cem152//ukb23374_c16_b2658_v1.subset.vcf.gz found, then skipped
/cem152//ukb23374_c16_b2659_v1.subset.vcf.gz found, then skipped
/cem152//ukb23374_c16_b2660_v1.subset.vcf.gz found, then skipped
/cem152//ukb23374_c16_b2661_v1.subset.vcf.gz found, then skipped
/cem152//ukb23374_c16_b2662_v1.subset.vcf.gz found, then skipped
/cem152//ukb23374_c16_b2663_v1.subset.vcf.gz found, then skipped
/cem152//ukb23374_c16_b2664_v1.subset.vcf.gz found, then skipped
/cem152//ukb23374_c16_b2665_v1.subset.vcf.gz found, then skipped
/cem152//ukb23374_c16_b2666_v1.subset.vcf.gz found, then skipped
/cem152//ukb23374_c16_b958_v1.subset.vcf.gz found, then skipped
/cem152//ukb23374_c16_b959_v1.subset.vcf.gz found, then skipped
/cem152//ukb23374_c16_b960_v1.subset.vcf.gz found, then skipped
/cem152//ukb23374_c16_b961_v1.subset.vcf.gz found, then skipped
/cem152//ukb23374_c16_b962_v1.subset.vcf.gz found, then skipped
/cem152//ukb23374_c16_b963_v1.subset.vcf.gz found, then skipped
/cem152//ukb23374_c17_b2128_v1.subset.vcf.gz found, then skipped
/cem152//ukb23374_c17_b2132_v1.subset.vcf.gz found, then skipped
/cem152//ukb23374_c17_b2133_v1.subset.vcf.gz found, then skipped
/cem152//ukb23374_c17_b2193_v1.subset.vcf.gz found, then skipped
/cem152//ukb23374_c17_b2194_v1.subset.vcf.gz found, then skipped
/cem152//ukb23374_c17_b2195_v1.subset.vcf.gz found, then skipped
/cem152//ukb23374_c17_b2210_v1.subset.vcf.gz found, then skipped
/cem152//ukb23374_c17_b2211_v1.subset.vcf.gz found, then skipped
/cem152//ukb23374_c17_b2217_v1.subset.vcf.gz found, then skipped
/cem152//ukb23374_c17_b2262_v1.subset.vcf.gz found, then skipped
/cem152//ukb23374_c17_b2263_v1.subset.vcf.gz found, then skipped
/cem152//ukb23374_c17_b2292_v1.subset.vcf.gz found, then skipped
/cem152//ukb23374_c17_b2294_v1.subset.vcf.gz found, then skipped
data will be subset by sample file cem_152_samples.txt
job-GxzPYG8J95Ky9VXyPJ4V15Zg
/cem152//ukb23374_c17_b2296_v1.subset.vcf.gz found, then skipped
/cem152//ukb23374_c17_b2297_v1.subset.vcf.gz found, then skipped
/cem152//ukb23374_c17_b2298_v1.subset.vcf.gz found, then skipped
/cem152//ukb23374_c17_b2299_v1.subset.vcf.gz found, then skipped
/cem152//ukb23374_c17_b2300_v1.subset.vcf.gz found, then skipped
/cem152//ukb23374_c17_b2301_v1.subset.vcf.gz found, then skipped
data will be subset by sample file cem_152_samples.txt
job-GxzPYK0J95KkZZ5b3KP7xk0K
data will be subset by sample file cem_152_samples.txt
job-GxzPYKQJ95KqjKQ2Yx3gbz9q
data will be subset by sample file cem_152_samples.txt
job-GxzPYP0J95KqVf14k930xz4J
/cem152//ukb23374_c17_b2341_v1.subset.vcf.gz found, then skipped
/cem152//ukb23374_c17_b3083_v1.subset.vcf.gz found, then skipped
/cem152//ukb23374_c17_b3084_v1.subset.vcf.gz found, then skipped
/cem152//ukb23374_c17_b3085_v1.subset.vcf.gz found, then skipped
/cem152//ukb23374_c17_b3086_v1.subset.vcf.gz found, then skipped
/cem152//ukb23374_c17_b3087_v1.subset.vcf.gz found, then skipped
/cem152//ukb23374_c17_b3088_v1.subset.vcf.gz found, then skipped
/cem152//ukb23374_c17_b3089_v1.subset.vcf.gz found, then skipped
/cem152//ukb23374_c17_b3090_v1.subset.vcf.gz found, then skipped
/cem152//ukb23374_c17_b3091_v1.subset.vcf.gz found, then skipped
data will be subset by sample file cem_152_samples.txt
job-GxzPYV8J95KxzxFf297Y3Pxk
/cem152//ukb23374_c17_b3093_v1.subset.vcf.gz found, then skipped
data will be subset by sample file cem_152_samples.txt
job-GxzPYX8J95KQjQ4b6q8Bb0Yx
/cem152//ukb23374_c17_b3095_v1.subset.vcf.gz found, then skipped
/cem152//ukb23374_c17_b3096_v1.subset.vcf.gz found, then skipped
/cem152//ukb23374_c17_b372_v1.subset.vcf.gz found, then skipped
/cem152//ukb23374_c17_b373_v1.subset.vcf.gz found, then skipped
data will be subset by sample file cem_152_samples.txt
job-GxzPYYQJ95KgvFP4FJGGq41v
/cem152//ukb23374_c17_b375_v1.subset.vcf.gz found, then skipped
/cem152//ukb23374_c17_b3918_v1.subset.vcf.gz found, then skipped
/cem152//ukb23374_c17_b3919_v1.subset.vcf.gz found, then skipped
data will be subset by sample file cem_152_samples.txt
job-GxzPYZQJ95KxzxFf297Y3Pxz
/cem152//ukb23374_c17_b3921_v1.subset.vcf.gz found, then skipped
/cem152//ukb23374_c17_b3922_v1.subset.vcf.gz found, then skipped
/cem152//ukb23374_c17_b3923_v1.subset.vcf.gz found, then skipped
/cem152//ukb23374_c17_b3924_v1.subset.vcf.gz found, then skipped
/cem152//ukb23374_c17_b3925_v1.subset.vcf.gz found, then skipped
/cem152//ukb23374_c17_b3926_v1.subset.vcf.gz found, then skipped
/cem152//ukb23374_c17_b3927_v1.subset.vcf.gz found, then skipped
/cem152//ukb23374_c17_b3928_v1.subset.vcf.gz found, then skipped
/cem152//ukb23374_c18_b1678_v1.subset.vcf.gz found, then skipped
/cem152//ukb23374_c18_b1679_v1.subset.vcf.gz found, then skipped
/cem152//ukb23374_c18_b1680_v1.subset.vcf.gz found, then skipped
/cem152//ukb23374_c18_b1681_v1.subset.vcf.gz found, then skipped
/cem152//ukb23374_c18_b1682_v1.subset.vcf.gz found, then skipped
/cem152//ukb23374_c18_b1683_v1.subset.vcf.gz found, then skipped
data will be subset by sample file cem_152_samples.txt
job-GxzPYgQJ95KVYZy3k61B3GX2
/cem152//ukb23374_c18_b1685_v1.subset.vcf.gz found, then skipped
/cem152//ukb23374_c18_b1686_v1.subset.vcf.gz found, then skipped
/cem152//ukb23374_c18_b1687_v1.subset.vcf.gz found, then skipped
/cem152//ukb23374_c18_b1692_v1.subset.vcf.gz found, then skipped
/cem152//ukb23374_c18_b1693_v1.subset.vcf.gz found, then skipped
/cem152//ukb23374_c18_b1694_v1.subset.vcf.gz found, then skipped
/cem152//ukb23374_c18_b1695_v1.subset.vcf.gz found, then skipped
data will be subset by sample file cem_152_samples.txt
job-GxzPYk8J95KVqjFXk415vPv7
/cem152//ukb23374_c18_b1697_v1.subset.vcf.gz found, then skipped
/cem152//ukb23374_c18_b1698_v1.subset.vcf.gz found, then skipped
/cem152//ukb23374_c18_b1699_v1.subset.vcf.gz found, then skipped
/cem152//ukb23374_c18_b1700_v1.subset.vcf.gz found, then skipped
/cem152//ukb23374_c18_b1701_v1.subset.vcf.gz found, then skipped
data will be subset by sample file cem_152_samples.txt
job-GxzPYpjJ95Kv23G3vJVQQPyz
data will be subset by sample file cem_152_samples.txt
job-GxzPYqQJ95KpBjQKfy21JQXG
/cem152//ukb23374_c18_b1704_v1.subset.vcf.gz found, then skipped
data will be subset by sample file cem_152_samples.txt
job-GxzPYv8J95KxzxFf297Y3Py8
data will be subset by sample file cem_152_samples.txt
job-GxzPYvjJ95KqVf14k930xz9p
/cem152//ukb23374_c18_b1707_v1.subset.vcf.gz found, then skipped
/cem152//ukb23374_c18_b1708_v1.subset.vcf.gz found, then skipped
/cem152//ukb23374_c18_b1709_v1.subset.vcf.gz found, then skipped
/cem152//ukb23374_c18_b1710_v1.subset.vcf.gz found, then skipped
/cem152//ukb23374_c18_b1711_v1.subset.vcf.gz found, then skipped
data will be subset by sample file cem_152_samples.txt
job-GxzPYy0J95Kxvzjjp5BbvKQZ
/cem152//ukb23374_c18_b2138_v1.subset.vcf.gz found, then skipped
/cem152//ukb23374_c18_b2139_v1.subset.vcf.gz found, then skipped
/cem152//ukb23374_c18_b2140_v1.subset.vcf.gz found, then skipped
/cem152//ukb23374_c18_b2141_v1.subset.vcf.gz found, then skipped
/cem152//ukb23374_c18_b2142_v1.subset.vcf.gz found, then skipped
/cem152//ukb23374_c18_b2143_v1.subset.vcf.gz found, then skipped
/cem152//ukb23374_c18_b2144_v1.subset.vcf.gz found, then skipped
/cem152//ukb23374_c18_b2145_v1.subset.vcf.gz found, then skipped
/cem152//ukb23374_c18_b2146_v1.subset.vcf.gz found, then skipped
/cem152//ukb23374_c18_b2147_v1.subset.vcf.gz found, then skipped
/cem152//ukb23374_c18_b2148_v1.subset.vcf.gz found, then skipped
/cem152//ukb23374_c18_b2149_v1.subset.vcf.gz found, then skipped
data will be subset by sample file cem_152_samples.txt
job-GxzPZ10J95KZgZpVFXJ72f4x
/cem152//ukb23374_c18_b2151_v1.subset.vcf.gz found, then skipped
data will be subset by sample file cem_152_samples.txt
job-GxzPZ1QJ95KzkvBfkfJjBZ3P
/cem152//ukb23374_c18_b2153_v1.subset.vcf.gz found, then skipped
/cem152//ukb23374_c18_b2154_v1.subset.vcf.gz found, then skipped
/cem152//ukb23374_c18_b2155_v1.subset.vcf.gz found, then skipped
/cem152//ukb23374_c18_b2558_v1.subset.vcf.gz found, then skipped
data will be subset by sample file cem_152_samples.txt
job-GxzPZ2jJ95Kp4p30pZ912Q39
/cem152//ukb23374_c18_b2560_v1.subset.vcf.gz found, then skipped
/cem152//ukb23374_c19_b116_v1.subset.vcf.gz found, then skipped
/cem152//ukb23374_c19_b118_v1.subset.vcf.gz found, then skipped
data will be subset by sample file cem_152_samples.txt
job-GxzPZ40J95Kvpbq6Xby98yfq
data will be subset by sample file cem_152_samples.txt
job-GxzPZ48J95KYPFbjv45ZPFK4
/cem152//ukb23374_c19_b121_v1.subset.vcf.gz found, then skipped
/cem152//ukb23374_c1_b10285_v1.subset.vcf.gz found, then skipped
/cem152//ukb23374_c1_b10286_v1.subset.vcf.gz found, then skipped
/cem152//ukb23374_c1_b10287_v1.subset.vcf.gz found, then skipped
/cem152//ukb23374_c1_b11331_v1.subset.vcf.gz found, then skipped
/cem152//ukb23374_c1_b11332_v1.subset.vcf.gz found, then skipped
/cem152//ukb23374_c1_b11333_v1.subset.vcf.gz found, then skipped
/cem152//ukb23374_c1_b11334_v1.subset.vcf.gz found, then skipped
/cem152//ukb23374_c1_b11335_v1.subset.vcf.gz found, then skipped
/cem152//ukb23374_c1_b11336_v1.subset.vcf.gz found, then skipped
/cem152//ukb23374_c1_b11619_v1.subset.vcf.gz found, then skipped
data will be subset by sample file cem_152_samples.txt
job-GxzPZ70J95KVYZy3k61B3Gf3
data will be subset by sample file cem_152_samples.txt
job-GxzPZ7QJ95KYpYxZfkbx52xz
data will be subset by sample file cem_152_samples.txt
job-GxzPZ80J95KZPJqv8Jv49XK7
data will be subset by sample file cem_152_samples.txt
job-GxzPZ8QJ95KZzvYGGJJqz4kZ
data will be subset by sample file cem_152_samples.txt
job-GxzPZ90J95KZB7y4QVQ4qpfX
data will be subset by sample file cem_152_samples.txt
job-GxzPZ9QJ95KVYZy3k61B3GjQ
data will be subset by sample file cem_152_samples.txt
job-GxzPZB0J95KYpYxZfkbx52y1
data will be subset by sample file cem_152_samples.txt
job-GxzPZBQJ95Kz8B2x9FvJFBbJ
data will be subset by sample file cem_152_samples.txt
job-GxzPZF0J95KpBjQKfy21JQbY
data will be subset by sample file cem_152_samples.txt
job-GxzPZFQJ95KvPfB35zQ1Vg8f
data will be subset by sample file cem_152_samples.txt
job-GxzPZG0J95KzkvBfkfJjBZ69
data will be subset by sample file cem_152_samples.txt
job-GxzPZGQJ95KZgZpVFXJ72f7Y
/cem152//ukb23374_c1_b7756_v1.subset.vcf.gz found, then skipped
/cem152//ukb23374_c1_b7761_v1.subset.vcf.gz found, then skipped
/cem152//ukb23374_c1_b7762_v1.subset.vcf.gz found, then skipped
/cem152//ukb23374_c1_b7809_v1.subset.vcf.gz found, then skipped
data will be subset by sample file cem_152_samples.txt
job-GxzPZJjJ95KkYFK324k0b7Gy
data will be subset by sample file cem_152_samples.txt
job-GxzPZK8J95KYjY994Pj1vXzK
/cem152//ukb23374_c1_b8076_v1.subset.vcf.gz found, then skipped
data will be subset by sample file cem_152_samples.txt
job-GxzPZP0J95Kb6j24YkV804j8
data will be subset by sample file cem_152_samples.txt
job-GxzPZPQJ95Kp4p30pZ912Q4P
/cem152//ukb23374_c1_b8587_v1.subset.vcf.gz found, then skipped
data will be subset by sample file cem_152_samples.txt
job-GxzPZQ0J95KbF9V218b59z5f
data will be subset by sample file cem_152_samples.txt
job-GxzPZQQJ95KVYZy3k61B3Gk5
data will be subset by sample file cem_152_samples.txt
job-GxzPZV0J95KbkZk651G5K2jb
data will be subset by sample file cem_152_samples.txt
job-GxzPZVQJ95KQ65fZQPkpZgf4
data will be subset by sample file cem_152_samples.txt
job-GxzPZX0J95Kb6j24YkV804jQ
data will be subset by sample file cem_152_samples.txt
job-GxzPZXQJ95KbF9V218b59z5p
data will be subset by sample file cem_152_samples.txt
job-GxzPZY0J95KQgPK0F16KxXP1
data will be subset by sample file cem_152_samples.txt
job-GxzPZYQJ95Kb7j26b7Qv3KX9
data will be subset by sample file cem_152_samples.txt
job-GxzPZZ0J95Kp2f5v70fkvfvV
data will be subset by sample file cem_152_samples.txt
job-GxzPZZQJ95KkYFK324k0b7J2
data will be subset by sample file cem_152_samples.txt
job-GxzPZb0J95KjPBQBGb4jzV3Z
data will be subset by sample file cem_152_samples.txt
job-GxzPZbQJ95KkYFK324k0b7J4
data will be subset by sample file cem_152_samples.txt
job-GxzPZf0J95KQ65fZQPkpZgfV
data will be subset by sample file cem_152_samples.txt
job-GxzPZfQJ95KqjKQ2Yx3gbzBZ
data will be subset by sample file cem_152_samples.txt
job-GxzPZg0J95KbxbJvgk1kzXv9
data will be subset by sample file cem_152_samples.txt
job-GxzPZgjJ95KkYFK324k0b7J8
data will be subset by sample file cem_152_samples.txt
job-GxzPZj8J95KYpYxZfkbx531G
data will be subset by sample file cem_152_samples.txt
job-GxzPZjjJ95KfB8jb2v2bx4V0
data will be subset by sample file cem_152_samples.txt
job-GxzPZk8J95Ky95Y4j0k1QVqf
data will be subset by sample file cem_152_samples.txt
job-GxzPZkjJ95KpBFx17B1xxV3B
data will be subset by sample file cem_152_samples.txt
job-GxzPZp8J95KVKJb3g8y3B0Fy
data will be subset by sample file cem_152_samples.txt
job-GxzPZpjJ95KzGKzqGPPPKKJX
data will be subset by sample file cem_152_samples.txt
job-GxzPZq8J95Kzy82xVbZVq8Kf
data will be subset by sample file cem_152_samples.txt
job-GxzPZqjJ95Kv23G3vJVQQQBJ
data will be subset by sample file cem_152_samples.txt
job-GxzPZv8J95Kqq4KJz00bQp8j
data will be subset by sample file cem_152_samples.txt
job-GxzPZvjJ95KVYZy3k61B3GpB
data will be subset by sample file cem_152_samples.txt
job-GxzPZx8J95KVYZy3k61B3Gvy
data will be subset by sample file cem_152_samples.txt
job-GxzPZxQJ95KxzxFf297Y3Q6y
data will be subset by sample file cem_152_samples.txt
job-GxzPZy0J95KVYZy3k61B3Gx2
data will be subset by sample file cem_152_samples.txt
job-GxzPZyQJ95KbF9V218b59z62
data will be subset by sample file cem_152_samples.txt
job-GxzPZz0J95Kvpbq6Xby98yp9
data will be subset by sample file cem_152_samples.txt
job-GxzPZzQJ95KxzxFf297Y3Q7Q
data will be subset by sample file cem_152_samples.txt
job-GxzPb00J95Kvpbq6Xby98ypJ
/cem152//ukb23374_c20_b302_v1.subset.vcf.gz found, then skipped
data will be subset by sample file cem_152_samples.txt
job-GxzPb0jJ95Kq0JypG46BFbYy
data will be subset by sample file cem_152_samples.txt
job-GxzPb18J95KYjY994Pj1vY2q
data will be subset by sample file cem_152_samples.txt
job-GxzPb1QJ95KXZQ6XxxY6X60Q
data will be subset by sample file cem_152_samples.txt
job-GxzPb20J95KqQby0Y2GZv4ky
data will be subset by sample file cem_152_samples.txt
job-GxzPb2QJ95KbxbJvgk1kzY43
data will be subset by sample file cem_152_samples.txt
job-GxzPb30J95KqjKQ2Yx3gbzQ4
data will be subset by sample file cem_152_samples.txt
job-GxzPb3QJ95KqVf14k930xzJ3
data will be subset by sample file cem_152_samples.txt
job-GxzPb40J95KvZ6726F032B3b
data will be subset by sample file cem_152_samples.txt
job-GxzPb4QJ95Kp4p30pZ912QBK
/cem152//ukb23374_c2_b4764_v1.subset.vcf.gz found, then skipped
data will be subset by sample file cem_152_samples.txt
job-GxzPb58J95KqQby0Y2GZv4vQ
data will be subset by sample file cem_152_samples.txt
job-GxzPb5jJ95KbxbJvgk1kzY45
data will be subset by sample file cem_152_samples.txt
job-GxzPb68J95Kp4p30pZ912QF4
data will be subset by sample file cem_152_samples.txt
job-GxzPb6jJ95Kz8B2x9FvJFBfv
data will be subset by sample file cem_152_samples.txt
job-GxzPb78J95KbF9V218b59z8X
data will be subset by sample file cem_152_samples.txt
job-GxzPb7jJ95Kp2f5v70fkvfy8
data will be subset by sample file cem_152_samples.txt
job-GxzPb80J95Kb7j26b7Qv3Kp4
data will be subset by sample file cem_152_samples.txt
job-GxzPb8QJ95KQgPK0F16KxXX3
data will be subset by sample file cem_152_samples.txt
job-GxzPb98J95KzGKzqGPPPKKXb
data will be subset by sample file cem_152_samples.txt
job-GxzPb9QJ95KqfVVxZBY0zG5Y
data will be subset by sample file cem_152_samples.txt
job-GxzPbB0J95KVYZy3k61B3GyY
data will be subset by sample file cem_152_samples.txt
job-GxzPbBQJ95Ky9VXyPJ4V1633
data will be subset by sample file cem_152_samples.txt
job-GxzPbF0J95KqQby0Y2GZv4vq
data will be subset by sample file cem_152_samples.txt
job-GxzPbFQJ95KbF9V218b59zF1
data will be subset by sample file cem_152_samples.txt
job-GxzPbG0J95KqfVVxZBY0zG5k
data will be subset by sample file cem_152_samples.txt
job-GxzPbGQJ95KzGKzqGPPPKKb9
data will be subset by sample file cem_152_samples.txt
job-GxzPbJ0J95Ky9VXyPJ4V1639
data will be subset by sample file cem_152_samples.txt
job-GxzPbJQJ95Ky9VXyPJ4V163F
data will be subset by sample file cem_152_samples.txt
job-GxzPbK0J95KXZQ6XxxY6X63p
data will be subset by sample file cem_152_samples.txt
job-GxzPbKQJ95Kjbf7gQZY5Z9fV
data will be subset by sample file cem_152_samples.txt
job-GxzPbP0J95Ky9VXyPJ4V163J
data will be subset by sample file cem_152_samples.txt
job-GxzPbPQJ95KgJ2JyvVKxZfvY
data will be subset by sample file cem_152_samples.txt
job-GxzPbQ0J95Kp4p30pZ912QFK
data will be subset by sample file cem_152_samples.txt
job-GxzPbQQJ95Kp2f5v70fkvg1y
data will be subset by sample file cem_152_samples.txt
job-GxzPbV0J95KfBZ7JP8V10YyZ
data will be subset by sample file cem_152_samples.txt
job-GxzPbVQJ95KfBZ7JP8V10Yyj
data will be subset by sample file cem_152_samples.txt
job-GxzPbX0J95Kzy82xVbZVq8X4
data will be subset by sample file cem_152_samples.txt
job-GxzPbXQJ95KqQby0Y2GZv4zY
data will be subset by sample file cem_152_samples.txt
job-GxzPbY0J95KqfVVxZBY0zG5x
data will be subset by sample file cem_152_samples.txt
job-GxzPbYQJ95KQ65fZQPkpZj36
data will be subset by sample file cem_152_samples.txt
job-GxzPbZ0J95KqfVVxZBY0zG5z
data will be subset by sample file cem_152_samples.txt
job-GxzPbZQJ95KY0VbZBK9PkgF0
data will be subset by sample file cem_152_samples.txt
job-GxzPbZjJ95KQq51q7f5z9bjJ
data will be subset by sample file cem_152_samples.txt
job-GxzPbb8J95KbkZk651G5K33Y
data will be subset by sample file cem_152_samples.txt
job-GxzPbbjJ95KyvP97qk4Q93zz
data will be subset by sample file cem_152_samples.txt
job-GxzPbf8J95KpBjQKfy21JVFP
data will be subset by sample file cem_152_samples.txt
job-GxzPbfjJ95KzGKzqGPPPKKgq
data will be subset by sample file cem_152_samples.txt
job-GxzPbg8J95KZgZpVFXJ72fFy
data will be subset by sample file cem_152_samples.txt
job-GxzPbgjJ95Kb7j26b7Qv3Kq1
data will be subset by sample file cem_152_samples.txt
job-GxzPbj8J95KjXqYXGb5y6g6P
data will be subset by sample file cem_152_samples.txt
job-GxzPbjjJ95KpBjQKfy21JVFV
data will be subset by sample file cem_152_samples.txt
job-GxzPbk8J95KgKqBVF47kBq4P
data will be subset by sample file cem_152_samples.txt
job-GxzPbkjJ95Kp2f5v70fkvg56
data will be subset by sample file cem_152_samples.txt
job-GxzPbp8J95KgvFP4FJGGq4bG
data will be subset by sample file cem_152_samples.txt
job-GxzPbpjJ95KVkbXPVv0KFPGx
data will be subset by sample file cem_152_samples.txt
job-GxzPbq8J95KbF9V218b59zY6
data will be subset by sample file cem_152_samples.txt
job-GxzPbqjJ95Kp2f5v70fkvg5Z
data will be subset by sample file cem_152_samples.txt
job-GxzPbv8J95KQF6j8g1z0p127
data will be subset by sample file cem_152_samples.txt
job-GxzPbvjJ95Kzy82xVbZVq8kZ
data will be subset by sample file cem_152_samples.txt
job-GxzPbx8J95KqfVVxZBY0zG8K
data will be subset by sample file cem_152_samples.txt
job-GxzPbxjJ95Ky9VXyPJ4V163v
data will be subset by sample file cem_152_samples.txt
job-GxzPby8J95Kp2f5v70fkvg5v
data will be subset by sample file cem_152_samples.txt
job-GxzPbyjJ95KqfVVxZBY0zGF2
/cem152//ukb23374_c2_b890_v1.subset.vcf.gz found, then skipped
data will be subset by sample file cem_152_samples.txt
job-GxzPbzQJ95KXZQ6XxxY6X670
data will be subset by sample file cem_152_samples.txt
job-GxzPf00J95Ky9VXyPJ4V1645
data will be subset by sample file cem_152_samples.txt
job-GxzPf0QJ95KQF6j8g1z0p12X
data will be subset by sample file cem_152_samples.txt
job-GxzPf10J95Kp2f5v70fkvg6B
data will be subset by sample file cem_152_samples.txt
job-GxzPf1QJ95KVKJb3g8y3B0PZ
data will be subset by sample file cem_152_samples.txt
job-GxzPf20J95KVKJb3g8y3B0Pf
data will be subset by sample file cem_152_samples.txt
job-GxzPf2QJ95KQjQ4b6q8Bb143
data will be subset by sample file cem_152_samples.txt
job-GxzPf30J95Kk74gp93xv6VQJ
data will be subset by sample file cem_152_samples.txt
job-GxzPf3QJ95Kv23G3vJVQQV2J
data will be subset by sample file cem_152_samples.txt
job-GxzPf40J95Kzy82xVbZVq8v8
data will be subset by sample file cem_152_samples.txt
job-GxzPf4QJ95KY0VbZBK9PkgQV
data will be subset by sample file cem_152_samples.txt
job-GxzPf50J95KVkbXPVv0KFPPj
data will be subset by sample file cem_152_samples.txt
job-GxzPf5jJ95Kp2f5v70fkvg6K
data will be subset by sample file cem_152_samples.txt
job-GxzPf68J95KY0VbZBK9PkgQY
data will be subset by sample file cem_152_samples.txt
job-GxzPf6jJ95KgJ2JyvVKxZgQj
data will be subset by sample file cem_152_samples.txt
job-GxzPf78J95KgJ2JyvVKxZgQp
data will be subset by sample file cem_152_samples.txt
job-GxzPf7jJ95KXZQ6XxxY6X67G
data will be subset by sample file cem_152_samples.txt
job-GxzPf88J95KVqjFXk415vQXV
data will be subset by sample file cem_152_samples.txt
job-GxzPf8jJ95KQjQ4b6q8Bb147
data will be subset by sample file cem_152_samples.txt
job-GxzPf98J95KxzxFf297Y3QJ5
data will be subset by sample file cem_152_samples.txt
job-GxzPf9jJ95KgKqBVF47kBq7F
data will be subset by sample file cem_152_samples.txt
job-GxzPfB8J95KvPfB35zQ1Vgx5
data will be subset by sample file cem_152_samples.txt
job-GxzPfBjJ95KYy8B94Bv8VP7J
data will be subset by sample file cem_152_samples.txt
job-GxzPfF8J95KqP2BkqkYgQ949
data will be subset by sample file cem_152_samples.txt
job-GxzPfFjJ95KVKJb3g8y3B0Pp
data will be subset by sample file cem_152_samples.txt
job-GxzPfG8J95KxB4p8ZY5kyZQ9
data will be subset by sample file cem_152_samples.txt
job-GxzPfGjJ95KkYFK324k0b7jV
data will be subset by sample file cem_152_samples.txt
job-GxzPfJ8J95KxQF0z494472VP
data will be subset by sample file cem_152_samples.txt
job-GxzPfJjJ95KVYZy3k61B3J3v
data will be subset by sample file cem_152_samples.txt
job-GxzPfK8J95Kv23G3vJVQQV2P
data will be subset by sample file cem_152_samples.txt
job-GxzPfKjJ95KgKqBVF47kBq7P
data will be subset by sample file cem_152_samples.txt
job-GxzPfP8J95KZB7y4QVQ4qpzP
data will be subset by sample file cem_152_samples.txt
job-GxzPfPjJ95KbF9V218b59zfg
data will be subset by sample file cem_152_samples.txt
job-GxzPfQ8J95Kk74gp93xv6VV5
data will be subset by sample file cem_152_samples.txt
job-GxzPfQjJ95KQq51q7f5z9f0j
data will be subset by sample file cem_152_samples.txt
job-GxzPfV8J95KZzvYGGJJqz508
data will be subset by sample file cem_152_samples.txt
job-GxzPfVjJ95KQz0VpzbQv56F5
data will be subset by sample file cem_152_samples.txt
job-GxzPfX8J95KQz0VpzbQv56F7
data will be subset by sample file cem_152_samples.txt
job-GxzPfXjJ95KZgZpVFXJ72fK2
data will be subset by sample file cem_152_samples.txt
job-GxzPfY8J95Kq0JypG46BFbv6
data will be subset by sample file cem_152_samples.txt
job-GxzPfYjJ95Kp2f5v70fkvgFy
data will be subset by sample file cem_152_samples.txt
job-GxzPfZ8J95KQF6j8g1z0p15y
data will be subset by sample file cem_152_samples.txt
job-GxzPfZjJ95KyQVPGVZGX3B7q
data will be subset by sample file cem_152_samples.txt
job-GxzPfb8J95KZgZpVFXJ72fKG
data will be subset by sample file cem_152_samples.txt
job-GxzPfbjJ95KqQby0Y2GZv52p
data will be subset by sample file cem_152_samples.txt
job-GxzPff8J95KYy8B94Bv8VP9y
data will be subset by sample file cem_152_samples.txt
job-GxzPffjJ95KYjY994Pj1vYP5
data will be subset by sample file cem_152_samples.txt
job-GxzPfg8J95Kzy82xVbZVq94K
data will be subset by sample file cem_152_samples.txt
job-GxzPfgjJ95KxB4p8ZY5kyZV0
data will be subset by sample file cem_152_samples.txt
job-GxzPfj8J95KYy8B94Bv8VPB0
data will be subset by sample file cem_152_samples.txt
job-GxzPfjjJ95KxQF0z494472X6
data will be subset by sample file cem_152_samples.txt
job-GxzPfkQJ95Kp4p30pZ912QJq
data will be subset by sample file cem_152_samples.txt
job-GxzPfp0J95KxB4p8ZY5kyZV4
data will be subset by sample file cem_152_samples.txt
job-GxzPfpQJ95KVYZy3k61B3J76
data will be subset by sample file cem_152_samples.txt
job-GxzPfq0J95KqVf14k930xzbv
data will be subset by sample file cem_152_samples.txt
job-GxzPfqQJ95KVYZy3k61B3J78
data will be subset by sample file cem_152_samples.txt
job-GxzPfv0J95Kzy82xVbZVq94j
data will be subset by sample file cem_152_samples.txt
job-GxzPfvQJ95KbF9V218b59zgP
data will be subset by sample file cem_152_samples.txt
job-GxzPfx0J95KjPBQBGb4jzVJj
data will be subset by sample file cem_152_samples.txt
job-GxzPfxQJ95KY0VbZBK9PkgZJ
data will be subset by sample file cem_152_samples.txt
job-GxzPfy0J95KVKJb3g8y3B0YK
data will be subset by sample file cem_152_samples.txt
job-GxzPfyQJ95KYPFbjv45ZPFqK
data will be subset by sample file cem_152_samples.txt
job-GxzPfz8J95KkZZ5b3KP7xkYY
data will be subset by sample file cem_152_samples.txt
job-GxzPfzjJ95KQF6j8g1z0p18b
data will be subset by sample file cem_152_samples.txt
job-GxzPg08J95KQjQ4b6q8Bb1Bj
data will be subset by sample file cem_152_samples.txt
job-GxzPg10J95KqVf14k930xzf2
data will be subset by sample file cem_152_samples.txt
job-GxzPg18J95Kxvzjjp5BbvKx7
data will be subset by sample file cem_152_samples.txt
job-GxzPg1jJ95KkZZ5b3KP7xkYk
data will be subset by sample file cem_152_samples.txt
job-GxzPg28J95Kfj3v2YvZ414pX
data will be subset by sample file cem_152_samples.txt
job-GxzPg2jJ95KQz0VpzbQv56Vy
data will be subset by sample file cem_152_samples.txt
job-GxzPg3QJ95KQjQ4b6q8Bb1F0
data will be subset by sample file cem_152_samples.txt
job-GxzPg40J95KfB8jb2v2bx5Px
data will be subset by sample file cem_152_samples.txt
job-GxzPg4QJ95KzGKzqGPPPKKqq
data will be subset by sample file cem_152_samples.txt
job-GxzPg50J95KxQF0z494472XK
data will be subset by sample file cem_152_samples.txt
job-GxzPg5QJ95Kp2f5v70fkvgJ5
data will be subset by sample file cem_152_samples.txt
job-GxzPg60J95KXZQ6XxxY6X6FF
data will be subset by sample file cem_152_samples.txt
job-GxzPg6QJ95KQjQ4b6q8Bb1F4
data will be subset by sample file cem_152_samples.txt
job-GxzPg70J95KjPBQBGb4jzVJp
data will be subset by sample file cem_152_samples.txt
job-GxzPg7QJ95KbkZk651G5K3J1
data will be subset by sample file cem_152_samples.txt
job-GxzPg80J95KgvFP4FJGGq4xj
data will be subset by sample file cem_152_samples.txt
job-GxzPg8QJ95KfB8jb2v2bx5Q3
data will be subset by sample file cem_152_samples.txt
job-GxzPg90J95KbF9V218b59zq2
data will be subset by sample file cem_152_samples.txt
job-GxzPg9QJ95KbF9V218b59zq4
data will be subset by sample file cem_152_samples.txt
job-GxzPgB0J95Kfj3v2YvZ414pj
data will be subset by sample file cem_152_samples.txt
job-GxzPgBQJ95KpBFx17B1xxVbZ
data will be subset by sample file cem_152_samples.txt
job-GxzPgF0J95KvZ6726F032BKF
data will be subset by sample file cem_152_samples.txt
job-GxzPgFQJ95Kp4p30pZ912QVF
data will be subset by sample file cem_152_samples.txt
job-GxzPgG0J95Kp2f5v70fkvgJV
data will be subset by sample file cem_152_samples.txt
job-GxzPgGQJ95KfB8jb2v2bx5Q7
data will be subset by sample file cem_152_samples.txt
job-GxzPgJ0J95KbF9V218b59zqp
data will be subset by sample file cem_152_samples.txt
job-GxzPgJQJ95Kjbf7gQZY5ZBFB
data will be subset by sample file cem_152_samples.txt
job-GxzPgK8J95Kjbf7gQZY5ZBFG
data will be subset by sample file cem_152_samples.txt
job-GxzPgKjJ95KYjY994Pj1vYPf
data will be subset by sample file cem_152_samples.txt
job-GxzPgP8J95Kjbf7gQZY5ZBFQ
data will be subset by sample file cem_152_samples.txt
job-GxzPgPjJ95Kxvzjjp5BbvKxF
data will be subset by sample file cem_152_samples.txt
job-GxzPgQ8J95KpBjQKfy21JVV0
data will be subset by sample file cem_152_samples.txt
job-GxzPgQjJ95KyQVPGVZGX3BFP
data will be subset by sample file cem_152_samples.txt
job-GxzPgV8J95KVYZy3k61B3J9f
data will be subset by sample file cem_152_samples.txt
job-GxzPgVjJ95KgvFP4FJGGq4yB
data will be subset by sample file cem_152_samples.txt
job-GxzPgX8J95Kzy82xVbZVq9Fb
data will be subset by sample file cem_152_samples.txt
job-GxzPgXjJ95Kq0JypG46BFbzv
data will be subset by sample file cem_152_samples.txt
job-GxzPgY8J95KbF9V218b59zv5
data will be subset by sample file cem_152_samples.txt
job-GxzPgYjJ95KQjQ4b6q8Bb1GJ
data will be subset by sample file cem_152_samples.txt
job-GxzPgZ8J95KZXgPp2K4XKx47
data will be subset by sample file cem_152_samples.txt
job-GxzPgZjJ95Kq1fbFfQb8XfYy
data will be subset by sample file cem_152_samples.txt
job-GxzPgb8J95KfB8jb2v2bx5QP
data will be subset by sample file cem_152_samples.txt
job-GxzPgbjJ95KxQF0z494472Yq
data will be subset by sample file cem_152_samples.txt
job-GxzPgf8J95KqVf14k930xzj3
data will be subset by sample file cem_152_samples.txt
job-GxzPgfjJ95KYy8B94Bv8VPFF
data will be subset by sample file cem_152_samples.txt
job-GxzPgg8J95KQjQ4b6q8Bb1GP
data will be subset by sample file cem_152_samples.txt
job-GxzPgj0J95KYPFbjv45ZPFv5
data will be subset by sample file cem_152_samples.txt
job-GxzPgjQJ95KbF9V218b59zvZ
data will be subset by sample file cem_152_samples.txt
job-GxzPgk0J95KVYZy3k61B3JB1
data will be subset by sample file cem_152_samples.txt
job-GxzPgkQJ95KbF9V218b59zvg
data will be subset by sample file cem_152_samples.txt
job-GxzPgp0J95KxQF0z494472Yx
data will be subset by sample file cem_152_samples.txt
job-GxzPgpQJ95KQF6j8g1z0p198
data will be subset by sample file cem_152_samples.txt
job-GxzPgq0J95Kqq4KJz00bQpxv
data will be subset by sample file cem_152_samples.txt
job-GxzPgqQJ95KYpYxZfkbx53Kq
data will be subset by sample file cem_152_samples.txt
job-GxzPgv0J95KVYZy3k61B3JB5
data will be subset by sample file cem_152_samples.txt
job-GxzPgvQJ95KQ65fZQPkpZjF9
data will be subset by sample file cem_152_samples.txt
job-GxzPgx0J95KgJ2JyvVKxZgp2
data will be subset by sample file cem_152_samples.txt
job-GxzPgxQJ95KpBFx17B1xxVgq
data will be subset by sample file cem_152_samples.txt
job-GxzPgy0J95KQq51q7f5z9f3b
data will be subset by sample file cem_152_samples.txt
job-GxzPgyQJ95Ky9VXyPJ4V16pj
data will be subset by sample file cem_152_samples.txt
job-GxzPgz0J95KzkvBfkfJjBZjQ
data will be subset by sample file cem_152_samples.txt
job-GxzPgzQJ95KzkvBfkfJjBZjX
data will be subset by sample file cem_152_samples.txt
job-GxzPj00J95KZzvYGGJJqz5K2
data will be subset by sample file cem_152_samples.txt
job-GxzPj0QJ95KVkbXPVv0KFPZq
data will be subset by sample file cem_152_samples.txt
job-GxzPj10J95KgvFP4FJGGq50Y
data will be subset by sample file cem_152_samples.txt
job-GxzPj1QJ95KxQF0z494472Z3
data will be subset by sample file cem_152_samples.txt
job-GxzPj20J95KVkbXPVv0KFPZz
data will be subset by sample file cem_152_samples.txt
job-GxzPj2QJ95Kjbf7gQZY5ZBG5
data will be subset by sample file cem_152_samples.txt
job-GxzPj30J95KY7JYKfb7kkVjb
data will be subset by sample file cem_152_samples.txt
job-GxzPj3QJ95KbkZk651G5K3KZ
data will be subset by sample file cem_152_samples.txt
job-GxzPj40J95Kqq4KJz00bQpxy
data will be subset by sample file cem_152_samples.txt
job-GxzPj48J95KVkbXPVv0KFPb3
data will be subset by sample file cem_152_samples.txt
job-GxzPj4jJ95KqVf14k930xzpq
data will be subset by sample file cem_152_samples.txt
job-GxzPj5QJ95Kq0JypG46BFf06
data will be subset by sample file cem_152_samples.txt
job-GxzPj5jJ95KV1xk178BzjkkB
data will be subset by sample file cem_152_samples.txt
job-GxzPj68J95KVYZy3k61B3JBq
data will be subset by sample file cem_152_samples.txt
job-GxzPj6jJ95KQF6j8g1z0p19y
data will be subset by sample file cem_152_samples.txt
job-GxzPj78J95KkZZ5b3KP7xkjP
data will be subset by sample file cem_152_samples.txt
job-GxzPj7jJ95KY0VbZBK9Pkgfq
data will be subset by sample file cem_152_samples.txt
job-GxzPj88J95KQF6j8g1z0p1B4
data will be subset by sample file cem_152_samples.txt
job-GxzPj8jJ95KQF6j8g1z0p1B6
data will be subset by sample file cem_152_samples.txt
job-GxzPj98J95KzkvBfkfJjBZkK
data will be subset by sample file cem_152_samples.txt
job-GxzPj9jJ95KvPfB35zQ1Vj11
data will be subset by sample file cem_152_samples.txt
job-GxzPjB8J95KfB8jb2v2bx5VX
data will be subset by sample file cem_152_samples.txt
job-GxzPjBjJ95KyvP97qk4Q9473
data will be subset by sample file cem_152_samples.txt
job-GxzPjF8J95Ky9VXyPJ4V16qG
data will be subset by sample file cem_152_samples.txt
job-GxzPjFjJ95KZgZpVFXJ72fVZ
data will be subset by sample file cem_152_samples.txt
job-GxzPjG8J95KYPFbjv45ZPFy7
data will be subset by sample file cem_152_samples.txt
job-GxzPjGjJ95KzkvBfkfJjBZkZ
data will be subset by sample file cem_152_samples.txt
job-GxzPjJ8J95KqfVVxZBY0zJ6j
data will be subset by sample file cem_152_samples.txt
job-GxzPjJjJ95Kp2f5v70fkvgQz
data will be subset by sample file cem_152_samples.txt
job-GxzPjK8J95KgJ2JyvVKxZgpj
data will be subset by sample file cem_152_samples.txt
job-GxzPjKjJ95Kp2f5v70fkvgV1
data will be subset by sample file cem_152_samples.txt
job-GxzPjP8J95KYPFbjv45ZPFyP
data will be subset by sample file cem_152_samples.txt
job-GxzPjPjJ95KQgPK0F16KxXkx
data will be subset by sample file cem_152_samples.txt
job-GxzPjQ8J95KbF9V218b59zxp
data will be subset by sample file cem_152_samples.txt
job-GxzPjQjJ95KYPFbjv45ZPFyb
data will be subset by sample file cem_152_samples.txt
job-GxzPjVQJ95KkZZ5b3KP7xkkK
data will be subset by sample file cem_152_samples.txt
job-GxzPjX0J95KqQby0Y2GZv58Q
data will be subset by sample file cem_152_samples.txt
job-GxzPjXQJ95KvPfB35zQ1Vj14
data will be subset by sample file cem_152_samples.txt
job-GxzPjY0J95KYPFbjv45ZPFyx
data will be subset by sample file cem_152_samples.txt
job-GxzPjYQJ95KqQby0Y2GZv58X
data will be subset by sample file cem_152_samples.txt
job-GxzPjZ0J95KQjQ4b6q8Bb1Jq
data will be subset by sample file cem_152_samples.txt
job-GxzPjZQJ95KZzvYGGJJqz5KP
data will be subset by sample file cem_152_samples.txt
job-GxzPjb0J95KYPFbjv45ZPFz5
data will be subset by sample file cem_152_samples.txt
job-GxzPjbQJ95KZB7y4QVQ4qq1G
data will be subset by sample file cem_152_samples.txt
job-GxzPjf0J95KQjQ4b6q8Bb1KF
data will be subset by sample file cem_152_samples.txt
job-GxzPjfQJ95KYpYxZfkbx53Q2
data will be subset by sample file cem_152_samples.txt
job-GxzPjg0J95KZPJqv8Jv49Y2X
data will be subset by sample file cem_152_samples.txt
job-GxzPjgQJ95KZgZpVFXJ72fVx
data will be subset by sample file cem_152_samples.txt
job-GxzPjj0J95Kq53qXxxbQyG83
data will be subset by sample file cem_152_samples.txt
job-GxzPjjQJ95KQjQ4b6q8Bb1KV
data will be subset by sample file cem_152_samples.txt
job-GxzPjk0J95Kp2f5v70fkvgX1
data will be subset by sample file cem_152_samples.txt
job-GxzPjkQJ95KxQF0z494472Zb
data will be subset by sample file cem_152_samples.txt
job-GxzPjp0J95Kk74gp93xv6Vj8
data will be subset by sample file cem_152_samples.txt
job-GxzPjpQJ95KqP2BkqkYgQ9J9
data will be subset by sample file cem_152_samples.txt
job-GxzPjq0J95KqVf14k930xzvP
data will be subset by sample file cem_152_samples.txt
job-GxzPjqQJ95KzkvBfkfJjBZpZ
data will be subset by sample file cem_152_samples.txt
job-GxzPjv0J95Kp2f5v70fkvgXJ
data will be subset by sample file cem_152_samples.txt
job-GxzPjvQJ95Kvpbq6Xby98zVK
data will be subset by sample file cem_152_samples.txt
job-GxzPjx0J95KqfVVxZBY0zJ76
data will be subset by sample file cem_152_samples.txt
job-GxzPjxQJ95Kp2f5v70fkvgXg
data will be subset by sample file cem_152_samples.txt
job-GxzPjy0J95KY7JYKfb7kkVjz
data will be subset by sample file cem_152_samples.txt
job-GxzPjyQJ95KYpYxZfkbx53Q8
data will be subset by sample file cem_152_samples.txt
job-GxzPjz0J95KQgPK0F16KxXpP
data will be subset by sample file cem_152_samples.txt
job-GxzPjzQJ95KZXgPp2K4XKx5B
data will be subset by sample file cem_152_samples.txt
job-GxzPk00J95Kjbf7gQZY5ZBJF
data will be subset by sample file cem_152_samples.txt
job-GxzPk0QJ95KxzxFf297Y3QgZ
data will be subset by sample file cem_152_samples.txt
job-GxzPk10J95KYg0YyJ0XB7pFF
data will be subset by sample file cem_152_samples.txt
job-GxzPk1QJ95KxQF0z494472b1
data will be subset by sample file cem_152_samples.txt
job-GxzPk20J95Kq0JypG46BFf1Z
data will be subset by sample file cem_152_samples.txt
job-GxzPk2QJ95KvZ6726F032FBB
data will be subset by sample file cem_152_samples.txt
job-GxzPk2jJ95KzkvBfkfJjBZpj
data will be subset by sample file cem_152_samples.txt
job-GxzPk3QJ95KpBjQKfy21JVY7
data will be subset by sample file cem_152_samples.txt
job-GxzPk40J95Kzy82xVbZVq9GY
data will be subset by sample file cem_152_samples.txt
job-GxzPk4QJ95Kp2f5v70fkvgXx
data will be subset by sample file cem_152_samples.txt
job-GxzPk50J95KpBjQKfy21JVYF
data will be subset by sample file cem_152_samples.txt
job-GxzPk5QJ95KqP2BkqkYgQ9JV
data will be subset by sample file cem_152_samples.txt
job-GxzPk60J95KVkbXPVv0KFPp0
data will be subset by sample file cem_152_samples.txt
job-GxzPk68J95KXZQ6XxxY6X6Gf
data will be subset by sample file cem_152_samples.txt
job-GxzPk70J95KqfVVxZBY0zJ7j
data will be subset by sample file cem_152_samples.txt
job-GxzPk7QJ95KxQF0z494472bF
data will be subset by sample file cem_152_samples.txt
job-GxzPk80J95KpBFx17B1xxVkB
data will be subset by sample file cem_152_samples.txt
job-GxzPk8QJ95KXZQ6XxxY6X6Gj
data will be subset by sample file cem_152_samples.txt
job-GxzPk90J95KxQF0z494472bP
data will be subset by sample file cem_152_samples.txt
job-GxzPk9QJ95KZXgPp2K4XKx66
data will be subset by sample file cem_152_samples.txt
job-GxzPkB8J95KYpYxZfkbx53QX
data will be subset by sample file cem_152_samples.txt
job-GxzPkBjJ95KqfVVxZBY0zJ7v
data will be subset by sample file cem_152_samples.txt
job-GxzPkF8J95Kp2f5v70fkvgYk
data will be subset by sample file cem_152_samples.txt
job-GxzPkFjJ95KgvFP4FJGGq51v
data will be subset by sample file cem_152_samples.txt
job-GxzPkG8J95Kq53qXxxbQyG90
data will be subset by sample file cem_152_samples.txt
job-GxzPkGjJ95KfB8jb2v2bx5Y2
data will be subset by sample file cem_152_samples.txt
job-GxzPkJ8J95KjXqYXGb5y6gYb
data will be subset by sample file cem_152_samples.txt
job-GxzPkJjJ95KVkbXPVv0KFPpG
data will be subset by sample file cem_152_samples.txt
job-GxzPkK8J95KpBjQKfy21JVYx
data will be subset by sample file cem_152_samples.txt
job-GxzPkKjJ95Kg75FqZ7g13xB1
data will be subset by sample file cem_152_samples.txt
job-GxzPkP8J95Kq53qXxxbQyG96
data will be subset by sample file cem_152_samples.txt
job-GxzPkPjJ95KZB7y4QVQ4qq1g
data will be subset by sample file cem_152_samples.txt
job-GxzPkQ8J95KZB7y4QVQ4qq1k
data will be subset by sample file cem_152_samples.txt
job-GxzPkQjJ95Ky9VXyPJ4V16vz
data will be subset by sample file cem_152_samples.txt
job-GxzPkV8J95KZB7y4QVQ4qq1q
data will be subset by sample file cem_152_samples.txt
job-GxzPkVjJ95KvZ6726F032FBX
data will be subset by sample file cem_152_samples.txt
job-GxzPkX8J95KZgZpVFXJ72fXb
data will be subset by sample file cem_152_samples.txt
job-GxzPkXjJ95KqfVVxZBY0zJ82
data will be subset by sample file cem_152_samples.txt
job-GxzPkY8J95KZB7y4QVQ4qq24
data will be subset by sample file cem_152_samples.txt
job-GxzPkYjJ95Kb7j26b7Qv3P5y
data will be subset by sample file cem_152_samples.txt
job-GxzPkZ8J95KZzvYGGJJqz5P0
data will be subset by sample file cem_152_samples.txt
job-GxzPkZjJ95KZgZpVFXJ72fXq
data will be subset by sample file cem_152_samples.txt
job-GxzPkb8J95Kq53qXxxbQyG9P
data will be subset by sample file cem_152_samples.txt
job-GxzPkbjJ95KpBFx17B1xxVkj
data will be subset by sample file cem_152_samples.txt
job-GxzPkf8J95KfB8jb2v2bx5Y6
data will be subset by sample file cem_152_samples.txt
job-GxzPkfjJ95KYpYxZfkbx53Qy
data will be subset by sample file cem_152_samples.txt
job-GxzPkg8J95KVYZy3k61B3K4Q
data will be subset by sample file cem_152_samples.txt
job-GxzPkgjJ95KzGKzqGPPPKP3f
data will be subset by sample file cem_152_samples.txt
job-GxzPkj8J95KZXgPp2K4XKx6Z
data will be subset by sample file cem_152_samples.txt
job-GxzPkjjJ95KZzvYGGJJqz5P2
data will be subset by sample file cem_152_samples.txt
job-GxzPkk8J95KZXgPp2K4XKx6f
data will be subset by sample file cem_152_samples.txt
job-GxzPkkjJ95Kv23G3vJVQQV9y
data will be subset by sample file cem_152_samples.txt
job-GxzPkp8J95KqP2BkqkYgQ9KG
data will be subset by sample file cem_152_samples.txt
job-GxzPkpjJ95Kp2f5v70fkvgZJ
data will be subset by sample file cem_152_samples.txt
job-GxzPkq8J95KQjQ4b6q8Bb1Q6
data will be subset by sample file cem_152_samples.txt
job-GxzPkqjJ95KfB8jb2v2bx5Yk
data will be subset by sample file cem_152_samples.txt
job-GxzPkv8J95KVYZy3k61B3K52
data will be subset by sample file cem_152_samples.txt
job-GxzPkvjJ95KgJ2JyvVKxZgv6
data will be subset by sample file cem_152_samples.txt
job-GxzPkx8J95Kg75FqZ7g13xBY
data will be subset by sample file cem_152_samples.txt
job-GxzPkxjJ95KpBFx17B1xxVpX
data will be subset by sample file cem_152_samples.txt
job-GxzPky8J95KyvP97qk4Q949F
data will be subset by sample file cem_152_samples.txt
job-GxzPkyjJ95KkZZ5b3KP7y1fP
data will be subset by sample file cem_152_samples.txt
job-GxzPkz8J95Kb7j26b7Qv3P6Z
data will be subset by sample file cem_152_samples.txt
job-GxzPkzjJ95Kz8B2x9FvJFFBQ
data will be subset by sample file cem_152_samples.txt
job-GxzPp08J95Ky95Y4j0k1QXJY
data will be subset by sample file cem_152_samples.txt
job-GxzPp10J95KgKqBVF47kBqBx
data will be subset by sample file cem_152_samples.txt
job-GxzPp1QJ95Kj13jFqG6Jb086
data will be subset by sample file cem_152_samples.txt
job-GxzPp20J95KqP2BkqkYgQ9Kv
data will be subset by sample file cem_152_samples.txt
job-GxzPp2jJ95Kj13jFqG6Jb088
data will be subset by sample file cem_152_samples.txt
job-GxzPp30J95KQF6j8g1z0p1G3
data will be subset by sample file cem_152_samples.txt
job-GxzPp3jJ95Ky95Y4j0k1QXJg
data will be subset by sample file cem_152_samples.txt
job-GxzPp48J95KxQF0z494472fF
data will be subset by sample file cem_152_samples.txt
job-GxzPp4jJ95KYg0YyJ0XB7pGX
data will be subset by sample file cem_152_samples.txt
job-GxzPp58J95KbKG7BK289XX7f
data will be subset by sample file cem_152_samples.txt
job-GxzPp5jJ95KyBXb90x7KZY21
data will be subset by sample file cem_152_samples.txt
job-GxzPp68J95KYy8B94Bv8VPKJ
data will be subset by sample file cem_152_samples.txt
job-GxzPp6jJ95KZXgPp2K4XKx9F
data will be subset by sample file cem_152_samples.txt
job-GxzPp78J95Kv23G3vJVQQVZ4
data will be subset by sample file cem_152_samples.txt
job-GxzPp98J95KVYZy3k61B3K5Q
data will be subset by sample file cem_152_samples.txt
job-GxzPp9jJ95Kg75FqZ7g13xBk
data will be subset by sample file cem_152_samples.txt
job-GxzPpB8J95KyBXb90x7KZY23
data will be subset by sample file cem_152_samples.txt
job-GxzPpF0J95Kp2f5v70fkvgbj
data will be subset by sample file cem_152_samples.txt
job-GxzPpFQJ95KQ65fZQPkpZjPB
data will be subset by sample file cem_152_samples.txt
job-GxzPpG0J95KpBFx17B1xxVqf
data will be subset by sample file cem_152_samples.txt
job-GxzPpGQJ95KyvP97qk4Q949z
data will be subset by sample file cem_152_samples.txt
job-GxzPpJ0J95KQF6j8g1z0p1GB
data will be subset by sample file cem_152_samples.txt
job-GxzPpJQJ95KpBFx17B1xxVv5
data will be subset by sample file cem_152_samples.txt
job-GxzPpK0J95KZB7y4QVQ4qq3B
data will be subset by sample file cem_152_samples.txt
job-GxzPpK8J95KZPJqv8Jv49Y3q
data will be subset by sample file cem_152_samples.txt
job-GxzPpKjJ95KY0VbZBK9PkgkV
data will be subset by sample file cem_152_samples.txt
job-GxzPpP8J95KVkbXPVv0KFPvg
data will be subset by sample file cem_152_samples.txt
job-GxzPpPjJ95KVYZy3k61B3K5q
data will be subset by sample file cem_152_samples.txt
job-GxzPpQ8J95KQjQ4b6q8Bb1QQ
data will be subset by sample file cem_152_samples.txt
job-GxzPpQjJ95KyvP97qk4Q94BP
data will be subset by sample file cem_152_samples.txt
job-GxzPpV8J95Kv23G3vJVQQVZ9
data will be subset by sample file cem_152_samples.txt
job-GxzPpVjJ95Kp2f5v70fkvjPP
data will be subset by sample file cem_152_samples.txt
job-GxzPpX8J95Kp2f5v70fkvjPV
data will be subset by sample file cem_152_samples.txt
job-GxzPpXjJ95KVYZy3k61B3K63
data will be subset by sample file cem_152_samples.txt
job-GxzPpY8J95Kp9Y5GQjbZf1zj
data will be subset by sample file cem_152_samples.txt
job-GxzPpYjJ95KbF9V218b5B02K
data will be subset by sample file cem_152_samples.txt
job-GxzPpZ8J95KgKqBVF47kBqF4
data will be subset by sample file cem_152_samples.txt
job-GxzPpZjJ95KqfVVxZBY0zb3k
data will be subset by sample file cem_152_samples.txt
job-GxzPpb8J95Kq1fbFfQb8Xff6
data will be subset by sample file cem_152_samples.txt
job-GxzPpbjJ95Kp2f5v70fkvjPz
data will be subset by sample file cem_152_samples.txt
job-GxzPpf8J95KzkvBfkfJjBZvX
data will be subset by sample file cem_152_samples.txt
job-GxzPpfjJ95KqjKQ2Yx3gf08X
data will be subset by sample file cem_152_samples.txt
job-GxzPpg8J95KYpYxZfkbx53Vq
data will be subset by sample file cem_152_samples.txt
job-GxzPpgjJ95KjXqYXGb5y6gbG
data will be subset by sample file cem_152_samples.txt
job-GxzPpj8J95Kv23G3vJVQQVZJ
data will be subset by sample file cem_152_samples.txt
job-GxzPpjjJ95KQz0VpzbQv56f0
data will be subset by sample file cem_152_samples.txt
job-GxzPpk8J95Kp2f5v70fkvjQ3
data will be subset by sample file cem_152_samples.txt
job-GxzPpkjJ95KY0VbZBK9Pkgkv
data will be subset by sample file cem_152_samples.txt
job-GxzPpp8J95KjXqYXGb5y6gbK
data will be subset by sample file cem_152_samples.txt
job-GxzPppjJ95Kp2f5v70fkvjQ7
data will be subset by sample file cem_152_samples.txt
job-GxzPpq8J95KYpYxZfkbx53Vx
data will be subset by sample file cem_152_samples.txt
job-GxzPpqjJ95Kp2f5v70fkvjQ9
data will be subset by sample file cem_152_samples.txt
job-GxzPpv8J95KpBFx17B1xxVvb
data will be subset by sample file cem_152_samples.txt
job-GxzPpvjJ95KzGKzqGPPPKP4k
data will be subset by sample file cem_152_samples.txt
job-GxzPpx8J95KVkbXPVv0KFPxX
data will be subset by sample file cem_152_samples.txt
job-GxzPpxjJ95KQjQ4b6q8Bb1V7
data will be subset by sample file cem_152_samples.txt
job-GxzPpyQJ95KqQby0Y2GZv59z
data will be subset by sample file cem_152_samples.txt
job-GxzPpz0J95KyvP97qk4Q94Bv
data will be subset by sample file cem_152_samples.txt
job-GxzPpzQJ95Kp9Y5GQjbZf203
data will be subset by sample file cem_152_samples.txt
job-GxzPq00J95KqjKQ2Yx3gf09V
data will be subset by sample file cem_152_samples.txt
job-GxzPq0QJ95KzGKzqGPPPKP54
data will be subset by sample file cem_152_samples.txt
job-GxzPq10J95KpBFx17B1xxVvp
data will be subset by sample file cem_152_samples.txt
job-GxzPq1QJ95KVkbXPVv0KFPxq
data will be subset by sample file cem_152_samples.txt
job-GxzPq20J95KQz0VpzbQv56f4
data will be subset by sample file cem_152_samples.txt
job-GxzPq38J95Kq1fbFfQb8XffB
data will be subset by sample file cem_152_samples.txt
job-GxzPq3jJ95KzkvBfkfJjBZvq
data will be subset by sample file cem_152_samples.txt
job-GxzPq40J95Kp2f5v70fkvjQY
data will be subset by sample file cem_152_samples.txt
job-GxzPq4jJ95KYy8B94Bv8VPP1
data will be subset by sample file cem_152_samples.txt
job-GxzPq50J95KkYFK324k0b805
data will be subset by sample file cem_152_samples.txt
job-GxzPq5QJ95KXZQ6XxxY6X6K5
data will be subset by sample file cem_152_samples.txt
job-GxzPq68J95KZPJqv8Jv49Y41
data will be subset by sample file cem_152_samples.txt
job-GxzPq6jJ95KXfjQYBVkYVq8Q
data will be subset by sample file cem_152_samples.txt
job-GxzPq78J95KvZ6726F032FG7
data will be subset by sample file cem_152_samples.txt
job-GxzPq7jJ95KqQby0Y2GZv5B5
data will be subset by sample file cem_152_samples.txt
job-GxzPq88J95KkYFK324k0b80B
data will be subset by sample file cem_152_samples.txt
job-GxzPq8jJ95KQz0VpzbQv56fJ
data will be subset by sample file cem_152_samples.txt
job-GxzPq90J95KxzxFf297Y3QpZ
data will be subset by sample file cem_152_samples.txt
job-GxzPq9QJ95Kq53qXxxbQyGFK
data will be subset by sample file cem_152_samples.txt
job-GxzPqB0J95KqjKQ2Yx3gf09p
data will be subset by sample file cem_152_samples.txt
job-GxzPqBQJ95KvZ6726F032FGJ
data will be subset by sample file cem_152_samples.txt
job-GxzPqF0J95KkZZ5b3KP7y1j3
data will be subset by sample file cem_152_samples.txt
job-GxzPqFQJ95KbxbJvgk1kzYzv
data will be subset by sample file cem_152_samples.txt
job-GxzPqG0J95KqjKQ2Yx3gf09y
data will be subset by sample file cem_152_samples.txt
job-GxzPqGQJ95KY0VbZBK9Pkgpx
data will be subset by sample file cem_152_samples.txt
job-GxzPqJ0J95KYjY994Pj1vYY9
data will be subset by sample file cem_152_samples.txt
job-GxzPqJQJ95Kq53qXxxbQyZ7Z
data will be subset by sample file cem_152_samples.txt
job-GxzPqK0J95KfB8jb2v2bx5ZY
data will be subset by sample file cem_152_samples.txt
job-GxzPqKQJ95KZPJqv8Jv49Y4P
data will be subset by sample file cem_152_samples.txt
job-GxzPqP0J95KkYFK324k0b80X
data will be subset by sample file cem_152_samples.txt
job-GxzPqPQJ95KgKqBVF47kBqFg
data will be subset by sample file cem_152_samples.txt
job-GxzPqQ0J95Kp2f5v70fkvjVJ
data will be subset by sample file cem_152_samples.txt
job-GxzPqQQJ95KkYFK324k0b80Z
data will be subset by sample file cem_152_samples.txt
job-GxzPqV0J95Kp2f5v70fkvjVP
data will be subset by sample file cem_152_samples.txt
job-GxzPqVQJ95KqP2BkqkYgQVGb
data will be subset by sample file cem_152_samples.txt
job-GxzPqX0J95Kq53qXxxbQyZ7v
data will be subset by sample file cem_152_samples.txt
job-GxzPqXQJ95KxQF0z494472gP
data will be subset by sample file cem_152_samples.txt
job-GxzPqY0J95KfBZ7JP8V10vGY
data will be subset by sample file cem_152_samples.txt
job-GxzPqYQJ95Kfj3v2YvZ41534
data will be subset by sample file cem_152_samples.txt
job-GxzPqZ0J95KjPBQBGb4jzkKV
data will be subset by sample file cem_152_samples.txt
job-GxzPqZQJ95KYy8B94Bv8VQ7V
data will be subset by sample file cem_152_samples.txt
job-GxzPqb0J95Kz8B2x9FvJFGv8
data will be subset by sample file cem_152_samples.txt
job-GxzPqbQJ95KzGKzqGPPPKP5Y
data will be subset by sample file cem_152_samples.txt
job-GxzPqf0J95KYPFbjv45ZPJVX
data will be subset by sample file cem_152_samples.txt
job-GxzPqfQJ95KbxbJvgk1kzZ29
data will be subset by sample file cem_152_samples.txt
job-GxzPqg0J95Ky9VXyPJ4V16z6
data will be subset by sample file cem_152_samples.txt
job-GxzPqgQJ95KZgZpVFXJ72fb6
data will be subset by sample file cem_152_samples.txt
job-GxzPqj0J95KkYFK324k0b80x
data will be subset by sample file cem_152_samples.txt
job-GxzPqjQJ95Kj13jFqG6Jb0F9
data will be subset by sample file cem_152_samples.txt
job-GxzPqk0J95KkZZ5b3KP7y1jQ
data will be subset by sample file cem_152_samples.txt
job-GxzPqkQJ95KpBFx17B1xxVyz
data will be subset by sample file cem_152_samples.txt
job-GxzPqp0J95KkYFK324k0b810
data will be subset by sample file cem_152_samples.txt
job-GxzPqpQJ95KZPJqv8Jv49Y5J
data will be subset by sample file cem_152_samples.txt
job-GxzPqq0J95KZgZpVFXJ72fbB
data will be subset by sample file cem_152_samples.txt
job-GxzPqqQJ95KpBFx17B1xxVz5
data will be subset by sample file cem_152_samples.txt
job-GxzPqv0J95KpBjQKfy21JVf1
data will be subset by sample file cem_152_samples.txt
job-GxzPqvjJ95Kq53qXxxbQyZVQ
data will be subset by sample file cem_152_samples.txt
job-GxzPqx8J95Kp2f5v70fkvjXB
data will be subset by sample file cem_152_samples.txt
job-GxzPqxQJ95KZPJqv8Jv49Y5k
data will be subset by sample file cem_152_samples.txt
job-GxzPqy0J95KpBFx17B1xxVzF
data will be subset by sample file cem_152_samples.txt
job-GxzPqyQJ95KkYFK324k0b816
data will be subset by sample file cem_152_samples.txt
job-GxzPqz0J95Kp2f5v70fkvjXV
data will be subset by sample file cem_152_samples.txt
job-GxzPqzQJ95KZPJqv8Jv49Y5x
data will be subset by sample file cem_152_samples.txt
job-GxzPv00J95KgKqBVF47kBqGP
data will be subset by sample file cem_152_samples.txt
job-GxzPv0QJ95Kq0JypG46BFfG2
data will be subset by sample file cem_152_samples.txt
job-GxzPv10J95KQz0VpzbQv56gF
data will be subset by sample file cem_152_samples.txt
job-GxzPv1QJ95KyBXb90x7KZq0B
data will be subset by sample file cem_152_samples.txt
job-GxzPv20J95KgKqBVF47kBqGY
data will be subset by sample file cem_152_samples.txt
job-GxzPv2jJ95KbkZk651G5K3v3
data will be subset by sample file cem_152_samples.txt
job-GxzPv38J95KQz0VpzbQv56gP
data will be subset by sample file cem_152_samples.txt
job-GxzPv3jJ95KZPJqv8Jv49Y63
data will be subset by sample file cem_152_samples.txt
job-GxzPv48J95Kp4p30pZ912QyF
data will be subset by sample file cem_152_samples.txt
job-GxzPv4jJ95KqP2BkqkYgQVKB
data will be subset by sample file cem_152_samples.txt
job-GxzPv58J95KbF9V218b5B03X
data will be subset by sample file cem_152_samples.txt
job-GxzPv5jJ95KZB7y4QVQ4qqGp
data will be subset by sample file cem_152_samples.txt
job-GxzPv68J95KYg0YyJ0XB7pJx
data will be subset by sample file cem_152_samples.txt
job-GxzPv6jJ95KkZZ5b3KP7y1k0
data will be subset by sample file cem_152_samples.txt
job-GxzPv78J95KgvFP4FJGGq54P
data will be subset by sample file cem_152_samples.txt
job-GxzPv7jJ95KyBXb90x7KZq0X
data will be subset by sample file cem_152_samples.txt
job-GxzPv88J95Kp2f5v70fkvjZZ
data will be subset by sample file cem_152_samples.txt
job-GxzPv8jJ95KZXgPp2K4XKxGV
data will be subset by sample file cem_152_samples.txt
job-GxzPv98J95KYg0YyJ0XB7pK1
data will be subset by sample file cem_152_samples.txt
job-GxzPv9jJ95KqfVVxZBY0zbyb
data will be subset by sample file cem_152_samples.txt
job-GxzPvB8J95KbxbJvgk1kzZ3G
data will be subset by sample file cem_152_samples.txt
job-GxzPvBjJ95KbxbJvgk1kzZ3K
data will be subset by sample file cem_152_samples.txt
job-GxzPvF8J95Kj13jFqG6Jb0G1
data will be subset by sample file cem_152_samples.txt
job-GxzPvFjJ95KqfVVxZBY0zbyg
data will be subset by sample file cem_152_samples.txt
job-GxzPvG8J95Kqq4KJz00bQq23
data will be subset by sample file cem_152_samples.txt
job-GxzPvJ8J95Kp2f5v70fkvjf7
data will be subset by sample file cem_152_samples.txt
job-GxzPvJjJ95KqjKQ2Yx3gf0G5
data will be subset by sample file cem_152_samples.txt
job-GxzPvK8J95Kfj3v2YvZ4155P
data will be subset by sample file cem_152_samples.txt
job-GxzPvKjJ95KZgZpVFXJ72fbZ
data will be subset by sample file cem_152_samples.txt
job-GxzPvP8J95KQz0VpzbQv570f
data will be subset by sample file cem_152_samples.txt
job-GxzPvPjJ95KZXgPp2K4XKxGk
data will be subset by sample file cem_152_samples.txt
job-GxzPvQ8J95KVkbXPVv0KFQFk
data will be subset by sample file cem_152_samples.txt
job-GxzPvQjJ95KbxbJvgk1kzZ3Z
data will be subset by sample file cem_152_samples.txt
job-GxzPvV8J95KkZZ5b3KP7y1k6
data will be subset by sample file cem_152_samples.txt
job-GxzPvVjJ95Kq0JypG46BFfGj
data will be subset by sample file cem_152_samples.txt
job-GxzPvX8J95Kq0JypG46BFfGp
data will be subset by sample file cem_152_samples.txt
job-GxzPvXjJ95KvPfB35zQ1Vj3q
data will be subset by sample file cem_152_samples.txt
job-GxzPvY8J95KYg0YyJ0XB7pPp
data will be subset by sample file cem_152_samples.txt
job-GxzPvYjJ95Kp2f5v70fkvjfq
data will be subset by sample file cem_152_samples.txt
job-GxzPvZ8J95KkZZ5b3KP7y1kG
data will be subset by sample file cem_152_samples.txt
job-GxzPvZjJ95KvPfB35zQ1Vj41
data will be subset by sample file cem_152_samples.txt
job-GxzPvb8J95KV1xk178Bzjp5g
data will be subset by sample file cem_152_samples.txt
job-GxzPvbjJ95KvPfB35zQ1Vj45
data will be subset by sample file cem_152_samples.txt
job-GxzPvfQJ95KqVf14k930xzzy
data will be subset by sample file cem_152_samples.txt
job-GxzPvg8J95KYg0YyJ0XB7pPy
data will be subset by sample file cem_152_samples.txt
job-GxzPvgjJ95KZXgPp2K4XKxGq
data will be subset by sample file cem_152_samples.txt
job-GxzPvj8J95Kqq4KJz00bQq2Y
data will be subset by sample file cem_152_samples.txt
job-GxzPvjQJ95Kp2f5v70fkvjgP
data will be subset by sample file cem_152_samples.txt
job-GxzPvk0J95KqP2BkqkYgQVPQ
data will be subset by sample file cem_152_samples.txt
job-GxzPvkQJ95KVkbXPVv0KFQFx
data will be subset by sample file cem_152_samples.txt
job-GxzPvp0J95KZB7y4QVQ4qqJ9
data will be subset by sample file cem_152_samples.txt
job-GxzPvpQJ95KvPfB35zQ1Vj4F
data will be subset by sample file cem_152_samples.txt
job-GxzPvq0J95Kp9Y5GQjbZf2Pq
data will be subset by sample file cem_152_samples.txt
job-GxzPvqQJ95Kp2f5v70fkvjj2
data will be subset by sample file cem_152_samples.txt
job-GxzPvv8J95KbxbJvgk1kzZ3q
data will be subset by sample file cem_152_samples.txt
job-GxzPvvjJ95KgKqBVF47kBqJy
data will be subset by sample file cem_152_samples.txt
job-GxzPvx8J95KYg0YyJ0XB7pQ2
data will be subset by sample file cem_152_samples.txt
job-GxzPvxjJ95KbxbJvgk1kzZ3x
data will be subset by sample file cem_152_samples.txt
job-GxzPvy8J95KgJ2JyvVKxZj5J
data will be subset by sample file cem_152_samples.txt
job-GxzPvyjJ95KbKG7BK289XXQk
data will be subset by sample file cem_152_samples.txt
job-GxzPvz8J95KqQby0Y2GZv5G3
data will be subset by sample file cem_152_samples.txt
job-GxzPvzjJ95KfBZ7JP8V10vP3
data will be subset by sample file cem_152_samples.txt
job-GxzPx08J95KVkbXPVv0KFQG1
data will be subset by sample file cem_152_samples.txt
job-GxzPx0jJ95KpBjQKfy21JVg6
data will be subset by sample file cem_152_samples.txt
job-GxzPx18J95Kp2f5v70fkvjjk
data will be subset by sample file cem_152_samples.txt
job-GxzPx1jJ95KVqjFXk415vQvB
data will be subset by sample file cem_152_samples.txt
job-GxzPx28J95KfBZ7JP8V10vP5
data will be subset by sample file cem_152_samples.txt
job-GxzPx2jJ95KZXgPp2K4XKxJG
data will be subset by sample file cem_152_samples.txt
job-GxzPx38J95KbF9V218b5B046
data will be subset by sample file cem_152_samples.txt
job-GxzPx3jJ95Ky9VXyPJ4V170G
data will be subset by sample file cem_152_samples.txt
job-GxzPx48J95Kvpbq6Xby98zbV
data will be subset by sample file cem_152_samples.txt
job-GxzPx4jJ95KQgPK0F16KxY4f
data will be subset by sample file cem_152_samples.txt
job-GxzPx58J95KvPfB35zQ1Vj4P
data will be subset by sample file cem_152_samples.txt
job-GxzPx5jJ95KjPBQBGb4jzkyY
data will be subset by sample file cem_152_samples.txt
job-GxzPx68J95KqP2BkqkYgQVQ1
data will be subset by sample file cem_152_samples.txt
job-GxzPx6jJ95KfBZ7JP8V10vP7
data will be subset by sample file cem_152_samples.txt
job-GxzPx78J95Kp2f5v70fkvjk7
data will be subset by sample file cem_152_samples.txt
job-GxzPx7jJ95Kqq4KJz00bQq35
data will be subset by sample file cem_152_samples.txt
job-GxzPx88J95Kp2f5v70fkvjkF
data will be subset by sample file cem_152_samples.txt
job-GxzPx8jJ95Kp2f5v70fkvjkJ
data will be subset by sample file cem_152_samples.txt
job-GxzPx98J95Kp9Y5GQjbZf2QQ
data will be subset by sample file cem_152_samples.txt
job-GxzPx9jJ95KQ65fZQPkpZjY8
data will be subset by sample file cem_152_samples.txt
job-GxzPxB8J95KZXgPp2K4XKxJp
data will be subset by sample file cem_152_samples.txt
job-GxzPxBjJ95KZXgPp2K4XKxJy
data will be subset by sample file cem_152_samples.txt
job-GxzPxF8J95Kp2f5v70fkvjkb
data will be subset by sample file cem_152_samples.txt
job-GxzPxFjJ95Kv23G3vJVQQVy8
data will be subset by sample file cem_152_samples.txt
job-GxzPxG8J95KpBjQKfy21JVgV
data will be subset by sample file cem_152_samples.txt
job-GxzPxGjJ95Kqq4KJz00bQq3F
data will be subset by sample file cem_152_samples.txt
job-GxzPxJ8J95Kxvzjjp5BbvPKJ
data will be subset by sample file cem_152_samples.txt
job-GxzPxJjJ95Kp4p30pZ912kXF
data will be subset by sample file cem_152_samples.txt
job-GxzPxK8J95KQgPK0F16KxY4v
data will be subset by sample file cem_152_samples.txt
job-GxzPxKjJ95KkYFK324k0b83V
data will be subset by sample file cem_152_samples.txt
job-GxzPxQ8J95KgKqBVF47kBqQJ
data will be subset by sample file cem_152_samples.txt
job-GxzPxQjJ95KvPfB35zQ1Vj4p
data will be subset by sample file cem_152_samples.txt
job-GxzPxV8J95KYPFbjv45ZPbPF
data will be subset by sample file cem_152_samples.txt
job-GxzPxVjJ95KQz0VpzbQv571j
data will be subset by sample file cem_152_samples.txt
job-GxzPxX8J95Kq0JypG46BFfJP
data will be subset by sample file cem_152_samples.txt
job-GxzPxXjJ95KZPJqv8Jv49Y88
data will be subset by sample file cem_152_samples.txt
job-GxzPxY8J95Kp9Y5GQjbZf2Qj
data will be subset by sample file cem_152_samples.txt
job-GxzPxYjJ95KbxbJvgk1kzZ4j
data will be subset by sample file cem_152_samples.txt
job-GxzPxZ8J95KqjKQ2Yx3gf0Jj
data will be subset by sample file cem_152_samples.txt
job-GxzPxZjJ95KjXyVbfjYBxQfJ
data will be subset by sample file cem_152_samples.txt
job-GxzPxb8J95KfBZ7JP8V10vV4
data will be subset by sample file cem_152_samples.txt
job-GxzPxbjJ95KqP2BkqkYgQVVX
data will be subset by sample file cem_152_samples.txt
job-GxzPxf8J95Kz8B2x9FvJFGyK
data will be subset by sample file cem_152_samples.txt
job-GxzPxfjJ95KYg0YyJ0XB7pVf
data will be subset by sample file cem_152_samples.txt
job-GxzPxg8J95KZQKFgg95y16xb
data will be subset by sample file cem_152_samples.txt
job-GxzPxgjJ95KfBZ7JP8V10vVf
data will be subset by sample file cem_152_samples.txt
job-GxzPxj8J95Kq53qXxxbQybF6
data will be subset by sample file cem_152_samples.txt
job-GxzPxjjJ95KbF9V218b5B057
data will be subset by sample file cem_152_samples.txt
job-GxzPxk8J95KjXyVbfjYBxQfk
data will be subset by sample file cem_152_samples.txt
job-GxzPxkjJ95KZXgPp2K4XKxKj
data will be subset by sample file cem_152_samples.txt
job-GxzPxp8J95KvPfB35zQ1Vj5F
data will be subset by sample file cem_152_samples.txt
job-GxzPxpjJ95KvPfB35zQ1Vj5J
data will be subset by sample file cem_152_samples.txt
job-GxzPxq8J95Kj13jFqG6Jb0J7
data will be subset by sample file cem_152_samples.txt
job-GxzPxqjJ95Kp2f5v70fkvjpK
data will be subset by sample file cem_152_samples.txt
job-GxzPxv8J95KpBFx17B1xxkxF
data will be subset by sample file cem_152_samples.txt
job-GxzPxvjJ95KpBFx17B1xxkxJ
data will be subset by sample file cem_152_samples.txt
job-GxzPxx8J95KgKqBVF47kBqVy
data will be subset by sample file cem_152_samples.txt
job-GxzPxy0J95KZgZpVFXJ72fg0
data will be subset by sample file cem_152_samples.txt
job-GxzPxyQJ95Kv23G3vJVQQVyJ
data will be subset by sample file cem_152_samples.txt
job-GxzPxz8J95KV1xk178Bzjp7Q
data will be subset by sample file cem_152_samples.txt
job-GxzPy00J95KZB7y4QVQ4v396
data will be subset by sample file cem_152_samples.txt
job-GxzPy0QJ95KbxbJvgk1kzZ58
data will be subset by sample file cem_152_samples.txt
job-GxzPy10J95KjXyVbfjYBxQgF
data will be subset by sample file cem_152_samples.txt
job-GxzPy1QJ95KYPFbjv45ZPbQB
data will be subset by sample file cem_152_samples.txt
job-GxzPy20J95KqVf14k930y01z
data will be subset by sample file cem_152_samples.txt
job-GxzPy2QJ95KvZ6726F032FPX
data will be subset by sample file cem_152_samples.txt
job-GxzPy30J95Kqq4KJz00bQq4P
data will be subset by sample file cem_152_samples.txt
job-GxzPy3QJ95KpBFx17B1xxkxg
data will be subset by sample file cem_152_samples.txt
job-GxzPy40J95KvZ6726F032FPZ
data will be subset by sample file cem_152_samples.txt
job-GxzPy4QJ95KqQby0Y2GZv5Gp
data will be subset by sample file cem_152_samples.txt
job-GxzPy50J95KZB7y4QVQ4v39G
data will be subset by sample file cem_152_samples.txt
job-GxzPy5QJ95Kq0JypG46BFfJq
data will be subset by sample file cem_152_samples.txt
job-GxzPy60J95KV1xk178Bzjp7p
data will be subset by sample file cem_152_samples.txt
job-GxzPy6QJ95KkYFK324k0b840
data will be subset by sample file cem_152_samples.txt
job-GxzPy7QJ95Ky9VXyPJ4V1719
data will be subset by sample file cem_152_samples.txt
job-GxzPy80J95KYy8B94Bv8VQpX
data will be subset by sample file cem_152_samples.txt
job-GxzPy8QJ95KVkbXPVv0KFQJf
data will be subset by sample file cem_152_samples.txt
job-GxzPy90J95Kvpbq6Xby98zgY
data will be subset by sample file cem_152_samples.txt
job-GxzPy9QJ95Kq0JypG46BFfJy
data will be subset by sample file cem_152_samples.txt
job-GxzPyB0J95Kvpbq6Xby98zgb
data will be subset by sample file cem_152_samples.txt
job-GxzPyBQJ95KqVf14k930y022
data will be subset by sample file cem_152_samples.txt
job-GxzPyF0J95KgJ2JyvVKxZj6P
data will be subset by sample file cem_152_samples.txt
job-GxzPyFQJ95KqQby0Y2GZv5Gv
data will be subset by sample file cem_152_samples.txt
job-GxzPyG0J95KVgpZV8Fg01Y7x
data will be subset by sample file cem_152_samples.txt
job-GxzPyGQJ95KfBZ7JP8V10vX7
data will be subset by sample file cem_152_samples.txt
job-GxzPyJ0J95KkYFK324k0b846
data will be subset by sample file cem_152_samples.txt
job-GxzPyJQJ95KvZ6726F032FPz
data will be subset by sample file cem_152_samples.txt
job-GxzPyK0J95KpBFx17B1xxkxy
data will be subset by sample file cem_152_samples.txt
job-GxzPyKQJ95KQz0VpzbQv5732
data will be subset by sample file cem_152_samples.txt
job-GxzPyP0J95KQz0VpzbQv5734
data will be subset by sample file cem_152_samples.txt
job-GxzPyPQJ95KQz0VpzbQv5736
data will be subset by sample file cem_152_samples.txt
job-GxzPyQ0J95Kq0JypG46BFfK1
data will be subset by sample file cem_152_samples.txt
job-GxzPyQQJ95KZQKFgg95y16yY
data will be subset by sample file cem_152_samples.txt
job-GxzPyV0J95KVKJb3g8y3B0z9
data will be subset by sample file cem_152_samples.txt
job-GxzPyVQJ95KqVf14k930y024
data will be subset by sample file cem_152_samples.txt
job-GxzPyX0J95KVkbXPVv0KFQJj
data will be subset by sample file cem_152_samples.txt
job-GxzPyXQJ95KZPJqv8Jv49Y9B
data will be subset by sample file cem_152_samples.txt
job-GxzPyY0J95KVgpZV8Fg01Y7z
data will be subset by sample file cem_152_samples.txt
job-GxzPyYQJ95KZXgPp2K4XKxKy
data will be subset by sample file cem_152_samples.txt
job-GxzPyZ0J95KbF9V218b5B0z6
data will be subset by sample file cem_152_samples.txt
job-GxzPyZQJ95KqjKQ2Yx3gf0KK
data will be subset by sample file cem_152_samples.txt
job-GxzPyb0J95Ky9VXyPJ4V171G
data will be subset by sample file cem_152_samples.txt
job-GxzPybQJ95KvZ6726F032FQ7
data will be subset by sample file cem_152_samples.txt
job-GxzPyf0J95KYy8B94Bv8VQpx
data will be subset by sample file cem_152_samples.txt
job-GxzPyfQJ95KV1xk178Bzjp88
data will be subset by sample file cem_152_samples.txt
job-GxzPyg0J95KqQby0Y2GZv5J2
data will be subset by sample file cem_152_samples.txt
job-GxzPygQJ95KYg0YyJ0XB7pXb
data will be subset by sample file cem_152_samples.txt
job-GxzPyj0J95KZB7y4QVQ4v3Bf
data will be subset by sample file cem_152_samples.txt
job-GxzPyjQJ95KjPBQBGb4jzp40
data will be subset by sample file cem_152_samples.txt
job-GxzPyk0J95KbkZk651G5K403
data will be subset by sample file cem_152_samples.txt
job-GxzPykQJ95Kb6j24YkV805yb
data will be subset by sample file cem_152_samples.txt
job-GxzPyp0J95Kp4p30pZ912kfx
data will be subset by sample file cem_152_samples.txt
job-GxzPypQJ95KjXyVbfjYBxQpJ
data will be subset by sample file cem_152_samples.txt
job-GxzPyq0J95KqVf14k930y02G
data will be subset by sample file cem_152_samples.txt
job-GxzPyqQJ95KQ65fZQPkpb0XK
