gene_list:/lustre03/project/6004655/COMMUN/runs/lang/pathway_PRS_imaging/data/all_genes.txt; output:.; pathway:Lang_10516; sleep_time:6h; download_output: /home/liulang/scratch/genotype/UKBB_RAP/lang10516/; keep_samples:/lustre03/project/6004655/COMMUN/runs/lang/pathway_PRS_imaging/data/WGS.id.txt
loading packages
please check your input gene list and see if the following gene names are valid
{'TP53ARAF', 'HLA-DRB3', 'XRCC3AAAS', 'YWHAZADCYAP1', 'ZPLD1ANXA1', 'VDRACTB', 'ZNF217AGO1', 'ZNF830ADAMTS1', 'ZFYVE28ADAM17', 'WDR5A1BG', 'XYLT2ACBD3', 'XYLT2A4GALT', 'WNT5BAADAC', 'SOS1EFNA1', 'WNT5BACE', 'ZAP70ADCYAP1R1', 'ZNRF2ADAM10', 'VDRADA', 'TYROBPBTC', 'KIR2DL5A', 'VIMACIN1', 'SRIACADVL', 'ZDHHC9AADAT', 'ZSWIM8ADAMTS1', 'VNN2COL11A1', 'YKT6ANO1', 'VAMP2AP2A1', 'YES1ACTB', 'ZFP91A2M', 'THSD7BACAN', 'ZEB1ARF6', 'ZFHX3AGO1', 'STAT3ABL1', 'VWFABL1', 'ZW10ACKR1', 'ZNRF2ANAPC1', 'ZYXAKT1', 'ZYXARHGEF15', 'VCAM1AKT1S1', 'YES1ACKR1', 'XRCC6ABL1', 'TPI1ACTB', 'YPEL5AR', 'TP53AGRN', 'VDAC3ALCAM', 'VNN2AASDHPPT', 'THBS4AAMP', 'SRMCD28', 'YKT6AHCYL1', 'UBCACTB', 'YWHAZAKT1', 'TXNEGFR', 'KIR2DS2', 'ZNF217A2M', 'YES1ACTA1', 'ZYXABI1', 'WWTR1ADD1', 'TRPC3ABL1', 'KIR2DL2', 'SOS1A1BG', 'YWHAZADAP1', 'RPS6KA6AADAT', 'ZEB2ABRAXAS1', 'ZWINTAHCTF1', 'VIPR2CCKBR', 'ZRANB1AHCYL2', 'VDAC3ALDH6A1', 'ZFPM2ACACA', 'WNT5AADAMTS14', 'RELNDYRK1A', 'TBXAS1ABHD3', 'ZBTB16CBL', 'RYR1ADCY1', 'UGT8AKT1', 'ZW10ANKRD28', 'SFTPDABI3BP', 'ZBED1CALM1', 'ZPLD1A2M', 'STRNC3', 'ZFPM1AJUBA', 'WNT9BABI3BP', 'ST6GALNAC1APAF1', 'YKT6ACER1', 'XDHABI2', 'TP53DPM2', 'UBE2V1AAAS', 'ZNF420CBFB', 'VAMP2AADAC', 'YAP1AXIN1', 'VTI1AARTN', 'YAP1ABHD12', 'WFS1ABCC8', 'TPP1AKT1', 'LILRA3', 'ZEB1A2M', 'THSD7BA4GNT', 'VAV3ABI1', 'ZRSR2AASDHPPT', 'YIPF6AARS1', 'SOS1ABHD3', 'PIGZBMP2', 'ZFPM2AGRN', 'ZNF274AKT1', 'UBE2SACIN1', 'TUBB8BACTN2', 'SOS1AAMP', 'ZBTB33BAD', 'VAMP2BMP2', 'ZDHHC9CBL', 'ZNF521BCL2L11', 'TSHRABL1', 'XDHA1CF', 'YIPF6ACTR10', 'YAP1AKT1', 'VIMACTB', 'VCLARAF', 'VAV1AGO1', 'ZBTB17ABCG2', 'YKT6ACTB', 'ZPLD1AMH', 'SRCAAAS', 'YES1ACKR3', 'SYNJ1BIRC2', 'USP8CHD1L', 'VCLAKT1', 'SRIAKT1', 'USP8ACTA2', 'SEMA4DARHGAP35', 'TFDP2AQR', 'PRPF4B', 'SYT9MSRA', 'XKAGER', 'VCANAAAS', 'ZNF217BCAR1', 'YES1AIRE', 'XPNPEP2A4GNT', 'RUNX1CBFB', 'XKADCYAP1', 'YES1AGER', 'YWHAZAPBA1', 'VDAC3ABL1', 'MRPS36', 'TNFCARM1', 'UROC1AAAS', 'SLC6A9AHCYL2', 'ZEB1ADCY1', 'ZNF830ANAPC1', 'ZWINTAAAS', 'ZFPM1ABL1', 'YWHABAHCYL1', 'TP53B3GNT6', 'UBCEGFR', 'WASLAKT1', 'YKT6AGO1', 'TAS2R9ABHD12', 'WWTR1AMER1', 'ZNF830AREG', 'VWFACAP1', 'TRAF6AKT1', 'VCANABL1', 'KIR2DS1', 'VAMP2ACTN2', 'YWHAZADAM10', 'VAV2ADAM11', 'XIAPBET1', 'UBE2SAKT1', 'KIR2DS3', 'VAC14AKT1', 'THSD7BACTB', 'RUNX1ARHGAP35', 'YY1ACADVL', 'WDR48ADAM10', 'C4B_2', 'XPO1AAAS', 'YWHAZABL1', 'WDR48ABL1', 'KCNV2ACIN1', 'VIPR2ABL1', 'ZNF512BABI1', 'WNT9BANAPC1', 'WWP1AAAS', 'UBCABHD17A', 'KIR2DS5', 'SOS1BTC', 'ZNRF2AAK1', 'SYNJ2ADA', 'ZRANB1ABCG2', 'ZBTB16CALM1', 'YY1CCND1', 'ZFP91AKT1', 'TSPAN7AGO1', 'TUBB8BAHCTF1', 'YWHABABCA1', 'TLL2AREG', 'WWP1ATP10A', 'ZAP70AKT1', 'SUFUAKT1', 'XPAAQR', 'UBCAKT1', 'KIR3DS1', 'SRCACTR10', 'HLA-DRB4', 'WWP1ARFIP2', 'XIAPACTR10', 'TECRLAHCYL1', 'TUBB8BA1BG', 'XYLT2AAAS', 'SYNJ1AKT1', 'YES1CALM1', 'TMPRSS15A2M', 'YES1ADAM17', 'ZBTB17AAK1', 'TGFAACTB', 'VCPCUL4A', 'YY1AXIN1', 'TMLHEABCA2', 'XKBTC', 'VIMACTR10', 'YKT6ACTR10', 'ROCK1AKAP5', 'VAV1ARCN1', 'USP8AKT1', 'ZBTB16ADAM10', 'XCR1ADCY1', 'VAMP2BSG', 'ENSG00000284217', 'ZNF385AABI1', 'VAV1BTC', 'UGT3A2ABCC9', 'ZWINTABCC9', 'ZDHHC8ACTR10', 'WNT9BADCY1', 'USP6ACHE', 'KCNV2AKT1', 'WWP1ADAM10', 'YARS2ABAT', 'SRIA2M', 'UBCA1BG', 'ZBP1CALM1', 'ZNF830ACBD3', 'PTK6CUL4A', 'ZW10KCNA1', 'GSTT1', 'USP9XANAPC1', 'ZAP70ACTB', 'TRIP6ACAP1', 'WEE1ANO1', 'VAV1ABAT', 'UNC5DAPC', 'YWHAZALPG', 'TMEM86BABCC5', 'TJP1ABL1', 'TJP1BLK', 'UQCRQACY1', 'ZIC2AP2A1', 'ZWINTAXIN1', 'ZC3HAV1CASP3', 'ZW10ALPP', 'TPSAB1ABRAXAS1', 'ZWINTANGPT1', 'PIK3R1AEBP2', 'TUBB8BACTR10', 'YES1AMPH', 'STX1BCBL', 'XIAPADCY3', 'VLDLRACTA1', 'YES1ACTR10', 'VAMP2APC', 'ZRANB1ABCC8', 'RUNX1ABL1', 'UBE2MAP2A1', 'STMN1AFP'}
the results bed file
          chr    start      end     gene
8735     chr1   944203   959309    NOC2L
9090     chr1  1001138  1014540    ISG15
9131     chr1  1020120  1056119     AGRN
10153    chr1  1167104  1167198  MIR200B
10169    chr1  1173880  1197936   TTLL10
...       ...      ...      ...      ...
4105439  chrM    10470    10766  MT-ND4L
4105446  chrM    10760    12137   MT-ND4
4105460  chrM    12337    14148   MT-ND5
4105466  chrM    14149    14673   MT-ND6
4105474  chrM    14747    15887   MT-CYB

[10267 rows x 4 columns]
confirm the bed file is ok
continue?(y/n)
bed file not good, check your gene names and re-run this
